2022-04-28 19:27:06,691 INFO org.springframework.boot.StartupInfoLogger [main] Starting SpeprojectApplicationTests using Java 11.0.13 on notebook with PID 29611 (started by astha in /home/astha/Downloads/speproject)
2022-04-28 19:27:06,694 INFO org.springframework.boot.SpringApplication [main] No active profile set, falling back to 1 default profile: "default"
2022-04-28 19:27:09,425 INFO org.springframework.data.repository.config.RepositoryConfigurationDelegate [main] Bootstrapping Spring Data JPA repositories in DEFAULT mode.
2022-04-28 19:27:09,593 INFO org.springframework.data.repository.config.RepositoryConfigurationDelegate [main] Finished Spring Data repository scanning in 85 ms. Found 3 JPA repository interfaces.
2022-04-28 19:27:11,646 INFO org.springframework.boot.web.embedded.tomcat.TomcatWebServer [main] Tomcat initialized with port(s): 0 (http)
2022-04-28 19:27:11,708 INFO org.apache.juli.logging.DirectJDKLog [main] Initializing ProtocolHandler ["http-nio-auto-1"]
2022-04-28 19:27:11,709 INFO org.apache.juli.logging.DirectJDKLog [main] Starting service [Tomcat]
2022-04-28 19:27:11,710 INFO org.apache.juli.logging.DirectJDKLog [main] Starting Servlet engine: [Apache Tomcat/9.0.60]
2022-04-28 19:27:12,160 INFO org.apache.juli.logging.DirectJDKLog [main] Initializing Spring embedded WebApplicationContext
2022-04-28 19:27:12,161 INFO org.springframework.boot.web.servlet.context.ServletWebServerApplicationContext [main] Root WebApplicationContext: initialization completed in 5441 ms
2022-04-28 19:27:14,977 INFO com.zaxxer.hikari.HikariDataSource [main] HikariPool-1 - Starting...
2022-04-28 19:27:18,322 INFO com.zaxxer.hikari.HikariDataSource [main] HikariPool-1 - Start completed.
2022-04-28 19:27:23,329 INFO org.springframework.orm.jpa.AbstractEntityManagerFactoryBean [main] Initialized JPA EntityManagerFactory for persistence unit 'default'
2022-04-28 19:27:24,045 WARN org.springframework.boot.autoconfigure.orm.jpa.JpaBaseConfiguration$JpaWebConfiguration [main] spring.jpa.open-in-view is enabled by default. Therefore, database queries may be performed during view rendering. Explicitly configure spring.jpa.open-in-view to disable this warning
2022-04-28 19:27:24,355 DEBUG org.springframework.web.servlet.mvc.method.annotation.RequestMappingHandlerAdapter [main] ControllerAdvice beans: 0 @ModelAttribute, 0 @InitBinder, 1 RequestBodyAdvice, 1 ResponseBodyAdvice
2022-04-28 19:27:24,484 DEBUG org.springframework.web.servlet.handler.AbstractHandlerMethodMapping [main] 18 mappings in 'requestMappingHandlerMapping'
2022-04-28 19:27:24,551 DEBUG org.springframework.web.servlet.handler.SimpleUrlHandlerMapping [main] Patterns [/webjars/**, /**] in 'resourceHandlerMapping'
2022-04-28 19:27:24,573 DEBUG org.springframework.web.servlet.mvc.method.annotation.ExceptionHandlerExceptionResolver [main] ControllerAdvice beans: 0 @ExceptionHandler, 1 ResponseBodyAdvice
2022-04-28 19:27:24,799 INFO org.apache.juli.logging.DirectJDKLog [main] Starting ProtocolHandler ["http-nio-auto-1"]
2022-04-28 19:27:24,848 INFO org.springframework.boot.web.embedded.tomcat.TomcatWebServer [main] Tomcat started on port(s): 45173 (http) with context path ''
2022-04-28 19:27:24,862 INFO org.springframework.boot.StartupInfoLogger [main] Started SpeprojectApplicationTests in 19.894 seconds (JVM running for 23.226)
2022-04-28 19:27:25,785 INFO org.springframework.orm.jpa.AbstractEntityManagerFactoryBean [SpringApplicationShutdownHook] Closing JPA EntityManagerFactory for persistence unit 'default'
2022-04-28 19:27:25,789 INFO com.zaxxer.hikari.HikariDataSource [SpringApplicationShutdownHook] HikariPool-1 - Shutdown initiated...
2022-04-28 19:27:25,804 INFO com.zaxxer.hikari.HikariDataSource [SpringApplicationShutdownHook] HikariPool-1 - Shutdown completed.
2022-04-28 19:36:48,369 INFO org.springframework.boot.StartupInfoLogger [restartedMain] Starting SpeprojectApplication using Java 11.0.13 on notebook with PID 30147 (/home/astha/Downloads/speproject/target/classes started by astha in /home/astha/Downloads/speproject)
2022-04-28 19:36:48,388 INFO org.springframework.boot.SpringApplication [restartedMain] No active profile set, falling back to 1 default profile: "default"
2022-04-28 19:36:49,154 INFO org.springframework.boot.logging.DeferredLog [restartedMain] Devtools property defaults active! Set 'spring.devtools.add-properties' to 'false' to disable
2022-04-28 19:36:49,155 INFO org.springframework.boot.logging.DeferredLog [restartedMain] For additional web related logging consider setting the 'logging.level.web' property to 'DEBUG'
2022-04-28 19:36:55,841 INFO org.springframework.data.repository.config.RepositoryConfigurationDelegate [restartedMain] Bootstrapping Spring Data JPA repositories in DEFAULT mode.
2022-04-28 19:36:57,180 INFO org.springframework.data.repository.config.RepositoryConfigurationDelegate [restartedMain] Finished Spring Data repository scanning in 1221 ms. Found 3 JPA repository interfaces.
2022-04-28 19:37:02,411 INFO org.springframework.boot.web.embedded.tomcat.TomcatWebServer [restartedMain] Tomcat initialized with port(s): 8096 (http)
2022-04-28 19:37:02,445 INFO org.apache.juli.logging.DirectJDKLog [restartedMain] Initializing ProtocolHandler ["http-nio-8096"]
2022-04-28 19:37:02,448 INFO org.apache.juli.logging.DirectJDKLog [restartedMain] Starting service [Tomcat]
2022-04-28 19:37:02,449 INFO org.apache.juli.logging.DirectJDKLog [restartedMain] Starting Servlet engine: [Apache Tomcat/9.0.60]
2022-04-28 19:37:03,011 INFO org.apache.juli.logging.DirectJDKLog [restartedMain] Initializing Spring embedded WebApplicationContext
2022-04-28 19:37:03,012 INFO org.springframework.boot.web.servlet.context.ServletWebServerApplicationContext [restartedMain] Root WebApplicationContext: initialization completed in 13856 ms
2022-04-28 19:37:07,611 INFO com.zaxxer.hikari.HikariDataSource [restartedMain] HikariPool-1 - Starting...
2022-04-28 19:37:09,623 INFO com.zaxxer.hikari.HikariDataSource [restartedMain] HikariPool-1 - Start completed.
2022-04-28 19:37:11,621 INFO org.springframework.orm.jpa.AbstractEntityManagerFactoryBean [restartedMain] Initialized JPA EntityManagerFactory for persistence unit 'default'
2022-04-28 19:37:16,949 WARN org.springframework.boot.autoconfigure.orm.jpa.JpaBaseConfiguration$JpaWebConfiguration [restartedMain] spring.jpa.open-in-view is enabled by default. Therefore, database queries may be performed during view rendering. Explicitly configure spring.jpa.open-in-view to disable this warning
2022-04-28 19:37:18,109 DEBUG org.springframework.web.servlet.mvc.method.annotation.RequestMappingHandlerAdapter [restartedMain] ControllerAdvice beans: 0 @ModelAttribute, 0 @InitBinder, 1 RequestBodyAdvice, 1 ResponseBodyAdvice
2022-04-28 19:37:18,472 DEBUG org.springframework.web.servlet.handler.AbstractHandlerMethodMapping [restartedMain] 18 mappings in 'requestMappingHandlerMapping'
2022-04-28 19:37:18,573 DEBUG org.springframework.web.servlet.handler.SimpleUrlHandlerMapping [restartedMain] Patterns [/webjars/**, /**] in 'resourceHandlerMapping'
2022-04-28 19:37:18,608 DEBUG org.springframework.web.servlet.mvc.method.annotation.ExceptionHandlerExceptionResolver [restartedMain] ControllerAdvice beans: 0 @ExceptionHandler, 1 ResponseBodyAdvice
2022-04-28 19:37:19,016 INFO org.springframework.boot.devtools.autoconfigure.OptionalLiveReloadServer [restartedMain] LiveReload server is running on port 35729
2022-04-28 19:37:19,062 INFO org.apache.juli.logging.DirectJDKLog [restartedMain] Starting ProtocolHandler ["http-nio-8096"]
2022-04-28 19:37:19,122 INFO org.springframework.boot.web.embedded.tomcat.TomcatWebServer [restartedMain] Tomcat started on port(s): 8096 (http) with context path ''
2022-04-28 19:37:19,425 INFO org.springframework.boot.StartupInfoLogger [restartedMain] Started SpeprojectApplication in 33.67 seconds (JVM running for 38.885)
2022-04-28 19:38:22,669 INFO org.springframework.orm.jpa.AbstractEntityManagerFactoryBean [SpringApplicationShutdownHook] Closing JPA EntityManagerFactory for persistence unit 'default'
2022-04-28 19:38:22,693 INFO com.zaxxer.hikari.HikariDataSource [SpringApplicationShutdownHook] HikariPool-1 - Shutdown initiated...
2022-04-28 19:38:22,705 INFO com.zaxxer.hikari.HikariDataSource [SpringApplicationShutdownHook] HikariPool-1 - Shutdown completed.
2022-04-28 19:38:29,504 INFO org.springframework.boot.StartupInfoLogger [restartedMain] Starting SpeprojectApplication using Java 11.0.13 on notebook with PID 30526 (/home/astha/Downloads/speproject/target/classes started by astha in /home/astha/Downloads/speproject)
2022-04-28 19:38:29,508 INFO org.springframework.boot.SpringApplication [restartedMain] No active profile set, falling back to 1 default profile: "default"
2022-04-28 19:38:29,592 INFO org.springframework.boot.logging.DeferredLog [restartedMain] Devtools property defaults active! Set 'spring.devtools.add-properties' to 'false' to disable
2022-04-28 19:38:29,593 INFO org.springframework.boot.logging.DeferredLog [restartedMain] For additional web related logging consider setting the 'logging.level.web' property to 'DEBUG'
2022-04-28 19:38:30,432 INFO org.springframework.data.repository.config.RepositoryConfigurationDelegate [restartedMain] Bootstrapping Spring Data JPA repositories in DEFAULT mode.
2022-04-28 19:38:30,481 INFO org.springframework.data.repository.config.RepositoryConfigurationDelegate [restartedMain] Finished Spring Data repository scanning in 42 ms. Found 3 JPA repository interfaces.
2022-04-28 19:38:31,034 INFO org.springframework.boot.web.embedded.tomcat.TomcatWebServer [restartedMain] Tomcat initialized with port(s): 8096 (http)
2022-04-28 19:38:31,041 INFO org.apache.juli.logging.DirectJDKLog [restartedMain] Initializing ProtocolHandler ["http-nio-8096"]
2022-04-28 19:38:31,041 INFO org.apache.juli.logging.DirectJDKLog [restartedMain] Starting service [Tomcat]
2022-04-28 19:38:31,042 INFO org.apache.juli.logging.DirectJDKLog [restartedMain] Starting Servlet engine: [Apache Tomcat/9.0.60]
2022-04-28 19:38:31,105 INFO org.apache.juli.logging.DirectJDKLog [restartedMain] Initializing Spring embedded WebApplicationContext
2022-04-28 19:38:31,106 INFO org.springframework.boot.web.servlet.context.ServletWebServerApplicationContext [restartedMain] Root WebApplicationContext: initialization completed in 1511 ms
2022-04-28 19:38:31,465 INFO com.zaxxer.hikari.HikariDataSource [restartedMain] HikariPool-1 - Starting...
2022-04-28 19:38:32,907 INFO com.zaxxer.hikari.HikariDataSource [restartedMain] HikariPool-1 - Start completed.
2022-04-28 19:38:59,846 INFO org.springframework.orm.jpa.AbstractEntityManagerFactoryBean [restartedMain] Initialized JPA EntityManagerFactory for persistence unit 'default'
2022-04-28 19:39:01,501 WARN org.springframework.boot.autoconfigure.orm.jpa.JpaBaseConfiguration$JpaWebConfiguration [restartedMain] spring.jpa.open-in-view is enabled by default. Therefore, database queries may be performed during view rendering. Explicitly configure spring.jpa.open-in-view to disable this warning
2022-04-28 19:39:01,656 DEBUG org.springframework.web.servlet.mvc.method.annotation.RequestMappingHandlerAdapter [restartedMain] ControllerAdvice beans: 0 @ModelAttribute, 0 @InitBinder, 1 RequestBodyAdvice, 1 ResponseBodyAdvice
2022-04-28 19:39:01,717 DEBUG org.springframework.web.servlet.handler.AbstractHandlerMethodMapping [restartedMain] 18 mappings in 'requestMappingHandlerMapping'
2022-04-28 19:39:01,744 DEBUG org.springframework.web.servlet.handler.SimpleUrlHandlerMapping [restartedMain] Patterns [/webjars/**, /**] in 'resourceHandlerMapping'
2022-04-28 19:39:01,752 DEBUG org.springframework.web.servlet.mvc.method.annotation.ExceptionHandlerExceptionResolver [restartedMain] ControllerAdvice beans: 0 @ExceptionHandler, 1 ResponseBodyAdvice
2022-04-28 19:39:01,857 INFO org.springframework.boot.devtools.autoconfigure.OptionalLiveReloadServer [restartedMain] LiveReload server is running on port 35729
2022-04-28 19:39:01,878 INFO org.apache.juli.logging.DirectJDKLog [restartedMain] Starting ProtocolHandler ["http-nio-8096"]
2022-04-28 19:39:01,889 INFO org.springframework.boot.web.embedded.tomcat.TomcatWebServer [restartedMain] Tomcat started on port(s): 8096 (http) with context path ''
2022-04-28 19:39:01,917 INFO org.springframework.boot.StartupInfoLogger [restartedMain] Started SpeprojectApplication in 33.513 seconds (JVM running for 35.364)
2022-04-28 19:51:53,803 INFO org.springframework.boot.StartupInfoLogger [restartedMain] Starting SpeprojectApplication using Java 11.0.13 on notebook with PID 4525 (/home/astha/Downloads/speproject/target/classes started by astha in /home/astha/Downloads/speproject)
2022-04-28 19:51:53,806 INFO org.springframework.boot.SpringApplication [restartedMain] No active profile set, falling back to 1 default profile: "default"
2022-04-28 19:51:54,204 INFO org.springframework.boot.logging.DeferredLog [restartedMain] Devtools property defaults active! Set 'spring.devtools.add-properties' to 'false' to disable
2022-04-28 19:51:54,204 INFO org.springframework.boot.logging.DeferredLog [restartedMain] For additional web related logging consider setting the 'logging.level.web' property to 'DEBUG'
2022-04-28 19:52:01,099 INFO org.springframework.data.repository.config.RepositoryConfigurationDelegate [restartedMain] Bootstrapping Spring Data JPA repositories in DEFAULT mode.
2022-04-28 19:52:01,310 INFO org.springframework.data.repository.config.RepositoryConfigurationDelegate [restartedMain] Finished Spring Data repository scanning in 122 ms. Found 3 JPA repository interfaces.
2022-04-28 19:52:04,361 INFO org.springframework.boot.web.embedded.tomcat.TomcatWebServer [restartedMain] Tomcat initialized with port(s): 8096 (http)
2022-04-28 19:52:04,387 INFO org.apache.juli.logging.DirectJDKLog [restartedMain] Initializing ProtocolHandler ["http-nio-8096"]
2022-04-28 19:52:04,388 INFO org.apache.juli.logging.DirectJDKLog [restartedMain] Starting service [Tomcat]
2022-04-28 19:52:04,388 INFO org.apache.juli.logging.DirectJDKLog [restartedMain] Starting Servlet engine: [Apache Tomcat/9.0.60]
2022-04-28 19:52:04,901 INFO org.apache.juli.logging.DirectJDKLog [restartedMain] Initializing Spring embedded WebApplicationContext
2022-04-28 19:52:04,901 INFO org.springframework.boot.web.servlet.context.ServletWebServerApplicationContext [restartedMain] Root WebApplicationContext: initialization completed in 10667 ms
2022-04-28 19:52:10,758 INFO com.zaxxer.hikari.HikariDataSource [restartedMain] HikariPool-1 - Starting...
2022-04-28 19:52:14,492 INFO com.zaxxer.hikari.HikariDataSource [restartedMain] HikariPool-1 - Start completed.
2022-04-28 19:52:31,230 INFO org.springframework.orm.jpa.AbstractEntityManagerFactoryBean [restartedMain] Initialized JPA EntityManagerFactory for persistence unit 'default'
2022-04-28 19:52:33,145 WARN org.springframework.boot.autoconfigure.orm.jpa.JpaBaseConfiguration$JpaWebConfiguration [restartedMain] spring.jpa.open-in-view is enabled by default. Therefore, database queries may be performed during view rendering. Explicitly configure spring.jpa.open-in-view to disable this warning
2022-04-28 19:52:33,717 DEBUG org.springframework.web.servlet.mvc.method.annotation.RequestMappingHandlerAdapter [restartedMain] ControllerAdvice beans: 0 @ModelAttribute, 0 @InitBinder, 1 RequestBodyAdvice, 1 ResponseBodyAdvice
2022-04-28 19:52:34,606 DEBUG org.springframework.web.servlet.handler.AbstractHandlerMethodMapping [restartedMain] 18 mappings in 'requestMappingHandlerMapping'
2022-04-28 19:52:34,718 DEBUG org.springframework.web.servlet.handler.SimpleUrlHandlerMapping [restartedMain] Patterns [/webjars/**, /**] in 'resourceHandlerMapping'
2022-04-28 19:52:34,753 DEBUG org.springframework.web.servlet.mvc.method.annotation.ExceptionHandlerExceptionResolver [restartedMain] ControllerAdvice beans: 0 @ExceptionHandler, 1 ResponseBodyAdvice
2022-04-28 19:52:35,575 INFO org.springframework.boot.devtools.autoconfigure.OptionalLiveReloadServer [restartedMain] LiveReload server is running on port 35729
2022-04-28 19:52:35,591 INFO org.apache.juli.logging.DirectJDKLog [restartedMain] Starting ProtocolHandler ["http-nio-8096"]
2022-04-28 19:52:35,665 INFO org.springframework.boot.web.embedded.tomcat.TomcatWebServer [restartedMain] Tomcat started on port(s): 8096 (http) with context path ''
2022-04-28 19:52:35,678 INFO org.springframework.boot.StartupInfoLogger [restartedMain] Started SpeprojectApplication in 44.545 seconds (JVM running for 50.812)
2022-04-28 19:58:56,154 INFO org.springframework.boot.StartupInfoLogger [main] Starting SpeprojectApplicationTests using Java 11.0.13 on notebook with PID 4922 (started by astha in /home/astha/Downloads/speproject)
2022-04-28 19:58:56,157 INFO org.springframework.boot.SpringApplication [main] No active profile set, falling back to 1 default profile: "default"
2022-04-28 19:58:57,209 INFO org.springframework.data.repository.config.RepositoryConfigurationDelegate [main] Bootstrapping Spring Data JPA repositories in DEFAULT mode.
2022-04-28 19:58:57,289 INFO org.springframework.data.repository.config.RepositoryConfigurationDelegate [main] Finished Spring Data repository scanning in 57 ms. Found 3 JPA repository interfaces.
2022-04-28 19:58:58,704 INFO org.springframework.boot.web.embedded.tomcat.TomcatWebServer [main] Tomcat initialized with port(s): 0 (http)
2022-04-28 19:58:58,723 INFO org.apache.juli.logging.DirectJDKLog [main] Initializing ProtocolHandler ["http-nio-auto-1"]
2022-04-28 19:58:58,726 INFO org.apache.juli.logging.DirectJDKLog [main] Starting service [Tomcat]
2022-04-28 19:58:58,727 INFO org.apache.juli.logging.DirectJDKLog [main] Starting Servlet engine: [Apache Tomcat/9.0.60]
2022-04-28 19:58:59,036 INFO org.apache.juli.logging.DirectJDKLog [main] Initializing Spring embedded WebApplicationContext
2022-04-28 19:58:59,046 INFO org.springframework.boot.web.servlet.context.ServletWebServerApplicationContext [main] Root WebApplicationContext: initialization completed in 2856 ms
2022-04-28 19:59:00,305 INFO com.zaxxer.hikari.HikariDataSource [main] HikariPool-1 - Starting...
2022-04-28 19:59:00,775 INFO com.zaxxer.hikari.HikariDataSource [main] HikariPool-1 - Start completed.
2022-04-28 19:59:02,013 INFO org.springframework.orm.jpa.AbstractEntityManagerFactoryBean [main] Initialized JPA EntityManagerFactory for persistence unit 'default'
2022-04-28 19:59:02,802 WARN org.springframework.boot.autoconfigure.orm.jpa.JpaBaseConfiguration$JpaWebConfiguration [main] spring.jpa.open-in-view is enabled by default. Therefore, database queries may be performed during view rendering. Explicitly configure spring.jpa.open-in-view to disable this warning
2022-04-28 19:59:03,270 DEBUG org.springframework.web.servlet.mvc.method.annotation.RequestMappingHandlerAdapter [main] ControllerAdvice beans: 0 @ModelAttribute, 0 @InitBinder, 1 RequestBodyAdvice, 1 ResponseBodyAdvice
2022-04-28 19:59:03,427 DEBUG org.springframework.web.servlet.handler.AbstractHandlerMethodMapping [main] 18 mappings in 'requestMappingHandlerMapping'
2022-04-28 19:59:03,530 DEBUG org.springframework.web.servlet.handler.SimpleUrlHandlerMapping [main] Patterns [/webjars/**, /**] in 'resourceHandlerMapping'
2022-04-28 19:59:03,552 DEBUG org.springframework.web.servlet.mvc.method.annotation.ExceptionHandlerExceptionResolver [main] ControllerAdvice beans: 0 @ExceptionHandler, 1 ResponseBodyAdvice
2022-04-28 19:59:03,777 INFO org.apache.juli.logging.DirectJDKLog [main] Starting ProtocolHandler ["http-nio-auto-1"]
2022-04-28 19:59:03,810 INFO org.springframework.boot.web.embedded.tomcat.TomcatWebServer [main] Tomcat started on port(s): 42139 (http) with context path ''
2022-04-28 19:59:03,824 INFO org.springframework.boot.StartupInfoLogger [main] Started SpeprojectApplicationTests in 8.291 seconds (JVM running for 10.325)
2022-04-28 19:59:04,313 INFO org.springframework.orm.jpa.AbstractEntityManagerFactoryBean [SpringApplicationShutdownHook] Closing JPA EntityManagerFactory for persistence unit 'default'
2022-04-28 19:59:04,327 INFO com.zaxxer.hikari.HikariDataSource [SpringApplicationShutdownHook] HikariPool-1 - Shutdown initiated...
2022-04-28 19:59:04,348 INFO com.zaxxer.hikari.HikariDataSource [SpringApplicationShutdownHook] HikariPool-1 - Shutdown completed.
2022-04-28 19:59:48,447 INFO org.springframework.boot.StartupInfoLogger [main] Starting SpeprojectApplicationTests using Java 11.0.13 on notebook with PID 5012 (started by astha in /home/astha/Downloads/speproject)
2022-04-28 19:59:48,452 INFO org.springframework.boot.SpringApplication [main] No active profile set, falling back to 1 default profile: "default"
2022-04-28 19:59:49,505 INFO org.springframework.data.repository.config.RepositoryConfigurationDelegate [main] Bootstrapping Spring Data JPA repositories in DEFAULT mode.
2022-04-28 19:59:49,581 INFO org.springframework.data.repository.config.RepositoryConfigurationDelegate [main] Finished Spring Data repository scanning in 64 ms. Found 3 JPA repository interfaces.
2022-04-28 19:59:50,561 INFO org.springframework.boot.web.embedded.tomcat.TomcatWebServer [main] Tomcat initialized with port(s): 0 (http)
2022-04-28 19:59:50,574 INFO org.apache.juli.logging.DirectJDKLog [main] Initializing ProtocolHandler ["http-nio-auto-1"]
2022-04-28 19:59:50,576 INFO org.apache.juli.logging.DirectJDKLog [main] Starting service [Tomcat]
2022-04-28 19:59:50,577 INFO org.apache.juli.logging.DirectJDKLog [main] Starting Servlet engine: [Apache Tomcat/9.0.60]
2022-04-28 19:59:50,734 INFO org.apache.juli.logging.DirectJDKLog [main] Initializing Spring embedded WebApplicationContext
2022-04-28 19:59:50,738 INFO org.springframework.boot.web.servlet.context.ServletWebServerApplicationContext [main] Root WebApplicationContext: initialization completed in 2239 ms
2022-04-28 19:59:51,677 INFO com.zaxxer.hikari.HikariDataSource [main] HikariPool-1 - Starting...
2022-04-28 19:59:52,286 INFO com.zaxxer.hikari.HikariDataSource [main] HikariPool-1 - Start completed.
2022-04-28 19:59:53,523 INFO org.springframework.orm.jpa.AbstractEntityManagerFactoryBean [main] Initialized JPA EntityManagerFactory for persistence unit 'default'
2022-04-28 19:59:54,537 WARN org.springframework.boot.autoconfigure.orm.jpa.JpaBaseConfiguration$JpaWebConfiguration [main] spring.jpa.open-in-view is enabled by default. Therefore, database queries may be performed during view rendering. Explicitly configure spring.jpa.open-in-view to disable this warning
2022-04-28 19:59:54,922 DEBUG org.springframework.web.servlet.mvc.method.annotation.RequestMappingHandlerAdapter [main] ControllerAdvice beans: 0 @ModelAttribute, 0 @InitBinder, 1 RequestBodyAdvice, 1 ResponseBodyAdvice
2022-04-28 19:59:55,115 DEBUG org.springframework.web.servlet.handler.AbstractHandlerMethodMapping [main] 18 mappings in 'requestMappingHandlerMapping'
2022-04-28 19:59:55,275 DEBUG org.springframework.web.servlet.handler.SimpleUrlHandlerMapping [main] Patterns [/webjars/**, /**] in 'resourceHandlerMapping'
2022-04-28 19:59:55,318 DEBUG org.springframework.web.servlet.mvc.method.annotation.ExceptionHandlerExceptionResolver [main] ControllerAdvice beans: 0 @ExceptionHandler, 1 ResponseBodyAdvice
2022-04-28 19:59:55,625 INFO org.apache.juli.logging.DirectJDKLog [main] Starting ProtocolHandler ["http-nio-auto-1"]
2022-04-28 19:59:55,662 INFO org.springframework.boot.web.embedded.tomcat.TomcatWebServer [main] Tomcat started on port(s): 34719 (http) with context path ''
2022-04-28 19:59:55,688 INFO org.springframework.boot.StartupInfoLogger [main] Started SpeprojectApplicationTests in 8.045 seconds (JVM running for 10.361)
2022-04-28 19:59:56,567 INFO org.springframework.orm.jpa.AbstractEntityManagerFactoryBean [SpringApplicationShutdownHook] Closing JPA EntityManagerFactory for persistence unit 'default'
2022-04-28 19:59:56,571 INFO com.zaxxer.hikari.HikariDataSource [SpringApplicationShutdownHook] HikariPool-1 - Shutdown initiated...
2022-04-28 19:59:56,590 INFO com.zaxxer.hikari.HikariDataSource [SpringApplicationShutdownHook] HikariPool-1 - Shutdown completed.
2022-04-28 20:04:51,667 INFO org.apache.juli.logging.DirectJDKLog [http-nio-8096-exec-1] Initializing Spring DispatcherServlet 'dispatcherServlet'
2022-04-28 20:04:51,697 INFO org.springframework.web.servlet.FrameworkServlet [http-nio-8096-exec-1] Initializing Servlet 'dispatcherServlet'
2022-04-28 20:04:51,698 DEBUG org.springframework.web.servlet.DispatcherServlet [http-nio-8096-exec-1] Detected StandardServletMultipartResolver
2022-04-28 20:04:51,698 DEBUG org.springframework.web.servlet.DispatcherServlet [http-nio-8096-exec-1] Detected AcceptHeaderLocaleResolver
2022-04-28 20:04:51,698 DEBUG org.springframework.web.servlet.DispatcherServlet [http-nio-8096-exec-1] Detected FixedThemeResolver
2022-04-28 20:04:51,701 DEBUG org.springframework.web.servlet.DispatcherServlet [http-nio-8096-exec-1] Detected org.springframework.web.servlet.view.DefaultRequestToViewNameTranslator@568a0cf5
2022-04-28 20:04:51,702 DEBUG org.springframework.web.servlet.DispatcherServlet [http-nio-8096-exec-1] Detected org.springframework.web.servlet.support.SessionFlashMapManager@74fb7c8a
2022-04-28 20:04:51,703 DEBUG org.springframework.web.servlet.FrameworkServlet [http-nio-8096-exec-1] enableLoggingRequestDetails='false': request parameters and headers will be masked to prevent unsafe logging of potentially sensitive data
2022-04-28 20:04:51,703 INFO org.springframework.web.servlet.FrameworkServlet [http-nio-8096-exec-1] Completed initialization in 5 ms
2022-04-28 20:04:51,717 DEBUG org.springframework.core.log.LogFormatUtils [http-nio-8096-exec-1] POST "/api/addaNgo", parameters={multipart}
2022-04-28 20:04:51,817 DEBUG org.springframework.web.servlet.handler.AbstractHandlerMapping [http-nio-8096-exec-1] Mapped to com.example.speproject.controller.ngoController#AddNgo(MultipartFile, String, String, String, String, String, String, String, String, String, String, String, String)
2022-04-28 20:04:52,308 INFO com.example.speproject.controller.ngoController [http-nio-8096-exec-1] Added Ngo with Banner Photo: logo_2waterB.jpeg
2022-04-28 20:04:53,080 DEBUG org.springframework.web.servlet.mvc.method.annotation.AbstractMessageConverterMethodProcessor [http-nio-8096-exec-1] Using 'application/json', given [application/json, text/plain, */*] and supported [application/json, application/*+json, application/json, application/*+json]
2022-04-28 20:04:53,082 DEBUG org.springframework.core.log.LogFormatUtils [http-nio-8096-exec-1] Writing [com.example.speproject.bean.Ngo@48d447db]
2022-04-28 20:04:53,178 DEBUG org.springframework.web.servlet.FrameworkServlet [http-nio-8096-exec-1] Completed 200 OK
2022-04-28 20:04:58,396 DEBUG org.springframework.core.log.LogFormatUtils [http-nio-8096-exec-2] GET "/api/ngocategory/Animal%20Welfare", parameters={}
2022-04-28 20:04:58,397 DEBUG org.springframework.web.servlet.handler.AbstractHandlerMapping [http-nio-8096-exec-2] Mapped to com.example.speproject.controller.ngoController#fetchNgoByCategory(String)
2022-04-28 20:04:58,401 INFO com.example.speproject.controller.ngoController [http-nio-8096-exec-2] Fetching Ngo by category
2022-04-28 20:04:58,533 DEBUG org.springframework.web.servlet.mvc.method.annotation.AbstractMessageConverterMethodProcessor [http-nio-8096-exec-2] Using 'application/json', given [application/json, text/plain, */*] and supported [application/json, application/*+json, application/json, application/*+json]
2022-04-28 20:04:58,533 DEBUG org.springframework.core.log.LogFormatUtils [http-nio-8096-exec-2] Writing [[com.example.speproject.bean.Ngo@2331afd7]]
2022-04-28 20:04:58,544 DEBUG org.springframework.web.servlet.FrameworkServlet [http-nio-8096-exec-2] Completed 200 OK
2022-04-28 20:05:01,709 DEBUG org.springframework.core.log.LogFormatUtils [http-nio-8096-exec-3] GET "/api/ngolist/2", parameters={}
2022-04-28 20:05:01,710 DEBUG org.springframework.web.servlet.handler.AbstractHandlerMapping [http-nio-8096-exec-3] Mapped to com.example.speproject.controller.ngoController#FetchNgoById(Long)
2022-04-28 20:05:01,712 DEBUG org.springframework.core.log.LogFormatUtils [http-nio-8096-exec-4] GET "/api/ngo/image/2", parameters={}
2022-04-28 20:05:01,712 INFO com.example.speproject.controller.ngoController [http-nio-8096-exec-3] Fetching Ngo Details of: 2
2022-04-28 20:05:01,712 DEBUG org.springframework.web.servlet.handler.AbstractHandlerMapping [http-nio-8096-exec-4] Mapped to com.example.speproject.controller.ngoController#getNgoImage(String)
2022-04-28 20:05:01,718 DEBUG org.springframework.web.servlet.mvc.method.annotation.AbstractMessageConverterMethodProcessor [http-nio-8096-exec-3] Using 'application/json', given [application/json, text/plain, */*] and supported [application/json, application/*+json, application/json, application/*+json]
2022-04-28 20:05:01,718 DEBUG org.springframework.core.log.LogFormatUtils [http-nio-8096-exec-3] Writing [com.example.speproject.bean.Ngo@21cbbd3a]
2022-04-28 20:05:01,722 DEBUG org.springframework.web.servlet.FrameworkServlet [http-nio-8096-exec-3] Completed 200 OK
2022-04-28 20:05:01,737 INFO com.example.speproject.controller.ngoController [http-nio-8096-exec-4] Getting Banner logo_2waterB.jpeg
2022-04-28 20:05:01,805 DEBUG org.springframework.web.servlet.mvc.method.annotation.AbstractMessageConverterMethodProcessor [http-nio-8096-exec-4] Using 'application/json', given [application/json, text/plain, */*] and supported [*/*, application/json, application/*+json, application/json, application/*+json]
2022-04-28 20:05:01,805 DEBUG org.springframework.core.log.LogFormatUtils [http-nio-8096-exec-4] Writing [URL [file:/home/astha/Downloads/speproject/target/classes/static/images/logo_2waterB.jpeg]]
2022-04-28 20:05:01,807 DEBUG org.springframework.web.servlet.FrameworkServlet [http-nio-8096-exec-4] Completed 200 OK
2022-04-28 20:05:15,466 DEBUG org.springframework.core.log.LogFormatUtils [http-nio-8096-exec-5] OPTIONS "/api/login", parameters={}
2022-04-28 20:05:15,467 DEBUG org.springframework.web.servlet.handler.AbstractHandlerMapping [http-nio-8096-exec-5] Mapped to com.example.speproject.controller.ngoController#login(Ngo)
2022-04-28 20:05:15,472 DEBUG org.springframework.web.servlet.FrameworkServlet [http-nio-8096-exec-5] Completed 200 OK
2022-04-28 20:05:15,486 DEBUG org.springframework.core.log.LogFormatUtils [http-nio-8096-exec-6] POST "/api/login", parameters={}
2022-04-28 20:05:15,488 DEBUG org.springframework.web.servlet.handler.AbstractHandlerMapping [http-nio-8096-exec-6] Mapped to com.example.speproject.controller.ngoController#login(Ngo)
2022-04-28 20:05:15,604 DEBUG org.springframework.core.log.LogFormatUtils [http-nio-8096-exec-6] Read "application/json;charset=UTF-8" to [com.example.speproject.bean.Ngo@3afc8c6a]
2022-04-28 20:05:15,640 INFO com.example.speproject.controller.ngoController [http-nio-8096-exec-6] paani@gm.com Signed in
2022-04-28 20:05:15,642 DEBUG org.springframework.web.servlet.mvc.method.annotation.AbstractMessageConverterMethodProcessor [http-nio-8096-exec-6] Using 'application/json', given [application/json, text/plain, */*] and supported [application/json, application/*+json, application/json, application/*+json]
2022-04-28 20:05:15,642 DEBUG org.springframework.core.log.LogFormatUtils [http-nio-8096-exec-6] Writing [com.example.speproject.bean.Ngo@578eb01d]
2022-04-28 20:05:15,649 DEBUG org.springframework.web.servlet.FrameworkServlet [http-nio-8096-exec-6] Completed 200 OK
2022-04-28 20:05:15,699 DEBUG org.springframework.core.log.LogFormatUtils [http-nio-8096-exec-7] GET "/api/ngo/image/2", parameters={}
2022-04-28 20:05:15,701 DEBUG org.springframework.web.servlet.handler.AbstractHandlerMapping [http-nio-8096-exec-7] Mapped to com.example.speproject.controller.ngoController#getNgoImage(String)
2022-04-28 20:05:15,711 INFO com.example.speproject.controller.ngoController [http-nio-8096-exec-7] Getting Banner logo_2waterB.jpeg
2022-04-28 20:05:15,714 DEBUG org.springframework.web.servlet.mvc.method.annotation.AbstractMessageConverterMethodProcessor [http-nio-8096-exec-7] Using 'application/json', given [application/json, text/plain, */*] and supported [*/*, application/json, application/*+json, application/json, application/*+json]
2022-04-28 20:05:15,715 DEBUG org.springframework.core.log.LogFormatUtils [http-nio-8096-exec-7] Writing [URL [file:/home/astha/Downloads/speproject/target/classes/static/images/logo_2waterB.jpeg]]
2022-04-28 20:05:15,716 DEBUG org.springframework.web.servlet.FrameworkServlet [http-nio-8096-exec-7] Completed 200 OK
2022-04-28 20:05:25,542 DEBUG org.springframework.core.log.LogFormatUtils [http-nio-8096-exec-8] GET "/api/ngo/image/2", parameters={}
2022-04-28 20:05:25,543 DEBUG org.springframework.web.servlet.handler.AbstractHandlerMapping [http-nio-8096-exec-8] Mapped to com.example.speproject.controller.ngoController#getNgoImage(String)
2022-04-28 20:05:25,557 INFO com.example.speproject.controller.ngoController [http-nio-8096-exec-8] Getting Banner logo_2waterB.jpeg
2022-04-28 20:05:25,559 DEBUG org.springframework.web.servlet.mvc.method.annotation.AbstractMessageConverterMethodProcessor [http-nio-8096-exec-8] Using 'application/json', given [application/json, text/plain, */*] and supported [*/*, application/json, application/*+json, application/json, application/*+json]
2022-04-28 20:05:25,560 DEBUG org.springframework.core.log.LogFormatUtils [http-nio-8096-exec-8] Writing [URL [file:/home/astha/Downloads/speproject/target/classes/static/images/logo_2waterB.jpeg]]
2022-04-28 20:05:25,562 DEBUG org.springframework.web.servlet.FrameworkServlet [http-nio-8096-exec-8] Completed 200 OK
2022-04-28 20:05:31,813 DEBUG org.springframework.core.log.LogFormatUtils [http-nio-8096-exec-9] GET "/api/ngo/image/2", parameters={}
2022-04-28 20:05:31,814 DEBUG org.springframework.web.servlet.handler.AbstractHandlerMapping [http-nio-8096-exec-9] Mapped to com.example.speproject.controller.ngoController#getNgoImage(String)
2022-04-28 20:05:31,827 INFO com.example.speproject.controller.ngoController [http-nio-8096-exec-9] Getting Banner logo_2waterB.jpeg
2022-04-28 20:05:31,830 DEBUG org.springframework.web.servlet.mvc.method.annotation.AbstractMessageConverterMethodProcessor [http-nio-8096-exec-9] Using 'application/json', given [application/json, text/plain, */*] and supported [*/*, application/json, application/*+json, application/json, application/*+json]
2022-04-28 20:05:31,830 DEBUG org.springframework.core.log.LogFormatUtils [http-nio-8096-exec-9] Writing [URL [file:/home/astha/Downloads/speproject/target/classes/static/images/logo_2waterB.jpeg]]
2022-04-28 20:05:31,833 DEBUG org.springframework.web.servlet.FrameworkServlet [http-nio-8096-exec-9] Completed 200 OK
2022-04-28 20:05:36,736 DEBUG org.springframework.core.log.LogFormatUtils [http-nio-8096-exec-10] GET "/api/ngo/image/2", parameters={}
2022-04-28 20:05:36,738 DEBUG org.springframework.web.servlet.handler.AbstractHandlerMapping [http-nio-8096-exec-10] Mapped to com.example.speproject.controller.ngoController#getNgoImage(String)
2022-04-28 20:05:36,748 INFO com.example.speproject.controller.ngoController [http-nio-8096-exec-10] Getting Banner logo_2waterB.jpeg
2022-04-28 20:05:36,749 DEBUG org.springframework.web.servlet.mvc.method.annotation.AbstractMessageConverterMethodProcessor [http-nio-8096-exec-10] Using 'application/json', given [application/json, text/plain, */*] and supported [*/*, application/json, application/*+json, application/json, application/*+json]
2022-04-28 20:05:36,749 DEBUG org.springframework.core.log.LogFormatUtils [http-nio-8096-exec-10] Writing [URL [file:/home/astha/Downloads/speproject/target/classes/static/images/logo_2waterB.jpeg]]
2022-04-28 20:05:36,750 DEBUG org.springframework.web.servlet.FrameworkServlet [http-nio-8096-exec-10] Completed 200 OK
2022-04-28 20:06:12,184 DEBUG org.springframework.core.log.LogFormatUtils [http-nio-8096-exec-2] OPTIONS "/api/savedonor", parameters={}
2022-04-28 20:06:12,185 DEBUG org.springframework.web.servlet.handler.AbstractHandlerMapping [http-nio-8096-exec-2] Mapped to com.example.speproject.controller.donorController#saveDonor(Donor)
2022-04-28 20:06:12,186 DEBUG org.springframework.web.servlet.FrameworkServlet [http-nio-8096-exec-2] Completed 200 OK
2022-04-28 20:06:12,190 DEBUG org.springframework.core.log.LogFormatUtils [http-nio-8096-exec-3] POST "/api/savedonor", parameters={}
2022-04-28 20:06:12,190 DEBUG org.springframework.web.servlet.handler.AbstractHandlerMapping [http-nio-8096-exec-3] Mapped to com.example.speproject.controller.donorController#saveDonor(Donor)
2022-04-28 20:06:12,192 DEBUG org.springframework.core.log.LogFormatUtils [http-nio-8096-exec-3] Read "application/json;charset=UTF-8" to [com.example.speproject.bean.Donor@3cc2e82a]
2022-04-28 20:06:12,193 INFO com.example.speproject.controller.donorController [http-nio-8096-exec-3] Donor saved with name Astha Borkataky
2022-04-28 20:06:12,338 DEBUG org.springframework.web.servlet.mvc.method.annotation.AbstractMessageConverterMethodProcessor [http-nio-8096-exec-3] Using 'application/json', given [application/json, text/plain, */*] and supported [application/json, application/*+json, application/json, application/*+json]
2022-04-28 20:06:12,339 DEBUG org.springframework.core.log.LogFormatUtils [http-nio-8096-exec-3] Writing [com.example.speproject.bean.Donor@3cc2e82a]
2022-04-28 20:06:12,340 DEBUG org.springframework.web.servlet.FrameworkServlet [http-nio-8096-exec-3] Completed 200 OK
2022-04-28 20:06:24,068 DEBUG org.springframework.core.log.LogFormatUtils [http-nio-8096-exec-4] OPTIONS "/api/donorlogin", parameters={}
2022-04-28 20:06:24,069 DEBUG org.springframework.web.servlet.handler.AbstractHandlerMapping [http-nio-8096-exec-4] Mapped to com.example.speproject.controller.donorController#dlogin(Donor)
2022-04-28 20:06:24,072 DEBUG org.springframework.web.servlet.FrameworkServlet [http-nio-8096-exec-4] Completed 200 OK
2022-04-28 20:06:24,085 DEBUG org.springframework.core.log.LogFormatUtils [http-nio-8096-exec-5] POST "/api/donorlogin", parameters={}
2022-04-28 20:06:24,087 DEBUG org.springframework.web.servlet.handler.AbstractHandlerMapping [http-nio-8096-exec-5] Mapped to com.example.speproject.controller.donorController#dlogin(Donor)
2022-04-28 20:06:24,090 DEBUG org.springframework.core.log.LogFormatUtils [http-nio-8096-exec-5] Read "application/json;charset=UTF-8" to [com.example.speproject.bean.Donor@1d6d8b68]
2022-04-28 20:06:24,135 DEBUG org.springframework.web.servlet.FrameworkServlet [http-nio-8096-exec-5] Failed to complete request: java.lang.NullPointerException
2022-04-28 20:06:24,151 ERROR org.apache.juli.logging.DirectJDKLog [http-nio-8096-exec-5] Servlet.service() for servlet [dispatcherServlet] in context with path [] threw exception [Request processing failed; nested exception is java.lang.NullPointerException] with root cause
java.lang.NullPointerException: null
	at com.example.speproject.controller.donorController.dlogin(donorController.java:31)
	at java.base/jdk.internal.reflect.NativeMethodAccessorImpl.invoke0(Native Method)
	at java.base/jdk.internal.reflect.NativeMethodAccessorImpl.invoke(NativeMethodAccessorImpl.java:62)
	at java.base/jdk.internal.reflect.DelegatingMethodAccessorImpl.invoke(DelegatingMethodAccessorImpl.java:43)
	at java.base/java.lang.reflect.Method.invoke(Method.java:566)
	at org.springframework.web.method.support.InvocableHandlerMethod.doInvoke(InvocableHandlerMethod.java:205)
	at org.springframework.web.method.support.InvocableHandlerMethod.invokeForRequest(InvocableHandlerMethod.java:150)
	at org.springframework.web.servlet.mvc.method.annotation.ServletInvocableHandlerMethod.invokeAndHandle(ServletInvocableHandlerMethod.java:117)
	at org.springframework.web.servlet.mvc.method.annotation.RequestMappingHandlerAdapter.invokeHandlerMethod(RequestMappingHandlerAdapter.java:895)
	at org.springframework.web.servlet.mvc.method.annotation.RequestMappingHandlerAdapter.handleInternal(RequestMappingHandlerAdapter.java:808)
	at org.springframework.web.servlet.mvc.method.AbstractHandlerMethodAdapter.handle(AbstractHandlerMethodAdapter.java:87)
	at org.springframework.web.servlet.DispatcherServlet.doDispatch(DispatcherServlet.java:1067)
	at org.springframework.web.servlet.DispatcherServlet.doService(DispatcherServlet.java:963)
	at org.springframework.web.servlet.FrameworkServlet.processRequest(FrameworkServlet.java:1006)
	at org.springframework.web.servlet.FrameworkServlet.doPost(FrameworkServlet.java:909)
	at javax.servlet.http.HttpServlet.service(HttpServlet.java:681)
	at org.springframework.web.servlet.FrameworkServlet.service(FrameworkServlet.java:883)
	at javax.servlet.http.HttpServlet.service(HttpServlet.java:764)
	at org.apache.catalina.core.ApplicationFilterChain.internalDoFilter(ApplicationFilterChain.java:227)
	at org.apache.catalina.core.ApplicationFilterChain.doFilter(ApplicationFilterChain.java:162)
	at org.apache.tomcat.websocket.server.WsFilter.doFilter(WsFilter.java:53)
	at org.apache.catalina.core.ApplicationFilterChain.internalDoFilter(ApplicationFilterChain.java:189)
	at org.apache.catalina.core.ApplicationFilterChain.doFilter(ApplicationFilterChain.java:162)
	at org.springframework.web.filter.RequestContextFilter.doFilterInternal(RequestContextFilter.java:100)
	at org.springframework.web.filter.OncePerRequestFilter.doFilter(OncePerRequestFilter.java:117)
	at org.apache.catalina.core.ApplicationFilterChain.internalDoFilter(ApplicationFilterChain.java:189)
	at org.apache.catalina.core.ApplicationFilterChain.doFilter(ApplicationFilterChain.java:162)
	at org.springframework.web.filter.FormContentFilter.doFilterInternal(FormContentFilter.java:93)
	at org.springframework.web.filter.OncePerRequestFilter.doFilter(OncePerRequestFilter.java:117)
	at org.apache.catalina.core.ApplicationFilterChain.internalDoFilter(ApplicationFilterChain.java:189)
	at org.apache.catalina.core.ApplicationFilterChain.doFilter(ApplicationFilterChain.java:162)
	at org.springframework.web.filter.CharacterEncodingFilter.doFilterInternal(CharacterEncodingFilter.java:201)
	at org.springframework.web.filter.OncePerRequestFilter.doFilter(OncePerRequestFilter.java:117)
	at org.apache.catalina.core.ApplicationFilterChain.internalDoFilter(ApplicationFilterChain.java:189)
	at org.apache.catalina.core.ApplicationFilterChain.doFilter(ApplicationFilterChain.java:162)
	at org.apache.catalina.core.StandardWrapperValve.invoke(StandardWrapperValve.java:197)
	at org.apache.catalina.core.StandardContextValve.invoke(StandardContextValve.java:97)
	at org.apache.catalina.authenticator.AuthenticatorBase.invoke(AuthenticatorBase.java:541)
	at org.apache.catalina.core.StandardHostValve.invoke(StandardHostValve.java:135)
	at org.apache.catalina.valves.ErrorReportValve.invoke(ErrorReportValve.java:92)
	at org.apache.catalina.core.StandardEngineValve.invoke(StandardEngineValve.java:78)
	at org.apache.catalina.connector.CoyoteAdapter.service(CoyoteAdapter.java:360)
	at org.apache.coyote.http11.Http11Processor.service(Http11Processor.java:399)
	at org.apache.coyote.AbstractProcessorLight.process(AbstractProcessorLight.java:65)
	at org.apache.coyote.AbstractProtocol$ConnectionHandler.process(AbstractProtocol.java:889)
	at org.apache.tomcat.util.net.NioEndpoint$SocketProcessor.doRun(NioEndpoint.java:1743)
	at org.apache.tomcat.util.net.SocketProcessorBase.run(SocketProcessorBase.java:49)
	at org.apache.tomcat.util.threads.ThreadPoolExecutor.runWorker(ThreadPoolExecutor.java:1191)
	at org.apache.tomcat.util.threads.ThreadPoolExecutor$Worker.run(ThreadPoolExecutor.java:659)
	at org.apache.tomcat.util.threads.TaskThread$WrappingRunnable.run(TaskThread.java:61)
	at java.base/java.lang.Thread.run(Thread.java:829)
2022-04-28 20:06:24,156 DEBUG org.springframework.core.log.LogFormatUtils [http-nio-8096-exec-5] "ERROR" dispatch for POST "/error", parameters={}
2022-04-28 20:06:24,167 DEBUG org.springframework.web.servlet.handler.AbstractHandlerMapping [http-nio-8096-exec-5] Mapped to org.springframework.boot.autoconfigure.web.servlet.error.BasicErrorController#error(HttpServletRequest)
2022-04-28 20:06:24,194 DEBUG org.springframework.web.servlet.mvc.method.annotation.AbstractMessageConverterMethodProcessor [http-nio-8096-exec-5] Using 'application/json', given [application/json, text/plain, */*] and supported [application/json, application/*+json, application/json, application/*+json]
2022-04-28 20:06:24,195 DEBUG org.springframework.core.log.LogFormatUtils [http-nio-8096-exec-5] Writing [{timestamp=Thu Apr 28 20:06:24 IST 2022, status=500, error=Internal Server Error, trace=java.lang.Nu (truncated)...]
2022-04-28 20:06:24,224 DEBUG org.springframework.web.servlet.FrameworkServlet [http-nio-8096-exec-5] Exiting from "ERROR" dispatch, status 500
2022-04-28 20:06:29,260 DEBUG org.springframework.core.log.LogFormatUtils [http-nio-8096-exec-6] POST "/api/donorlogin", parameters={}
2022-04-28 20:06:29,261 DEBUG org.springframework.web.servlet.handler.AbstractHandlerMapping [http-nio-8096-exec-6] Mapped to com.example.speproject.controller.donorController#dlogin(Donor)
2022-04-28 20:06:29,265 DEBUG org.springframework.core.log.LogFormatUtils [http-nio-8096-exec-6] Read "application/json;charset=UTF-8" to [com.example.speproject.bean.Donor@7b611944]
2022-04-28 20:06:29,272 INFO com.example.speproject.controller.donorController [http-nio-8096-exec-6] Donor Astha Borkataky logged in
2022-04-28 20:06:29,273 DEBUG org.springframework.web.servlet.mvc.method.annotation.AbstractMessageConverterMethodProcessor [http-nio-8096-exec-6] Using 'application/json', given [application/json, text/plain, */*] and supported [application/json, application/*+json, application/json, application/*+json]
2022-04-28 20:06:29,273 DEBUG org.springframework.core.log.LogFormatUtils [http-nio-8096-exec-6] Writing [com.example.speproject.bean.Donor@41f11f37]
2022-04-28 20:06:29,278 DEBUG org.springframework.web.servlet.FrameworkServlet [http-nio-8096-exec-6] Completed 200 OK
2022-04-28 20:06:29,345 DEBUG org.springframework.core.log.LogFormatUtils [http-nio-8096-exec-7] GET "/api/donor/2", parameters={}
2022-04-28 20:06:29,345 DEBUG org.springframework.web.servlet.handler.AbstractHandlerMapping [http-nio-8096-exec-7] Mapped to com.example.speproject.controller.donorController#FetchDonorById(Long)
2022-04-28 20:06:29,346 INFO com.example.speproject.controller.donorController [http-nio-8096-exec-7] Getting Donor Details of Donor ID 2
2022-04-28 20:06:29,353 DEBUG org.springframework.web.servlet.mvc.method.annotation.AbstractMessageConverterMethodProcessor [http-nio-8096-exec-7] Using 'application/json', given [application/json, text/plain, */*] and supported [application/json, application/*+json, application/json, application/*+json]
2022-04-28 20:06:29,353 DEBUG org.springframework.core.log.LogFormatUtils [http-nio-8096-exec-7] Writing [com.example.speproject.bean.Donor@1c177e7b]
2022-04-28 20:06:29,356 DEBUG org.springframework.web.servlet.FrameworkServlet [http-nio-8096-exec-7] Completed 200 OK
2022-04-28 20:06:33,919 DEBUG org.springframework.core.log.LogFormatUtils [http-nio-8096-exec-8] GET "/api/ngocategory/Animal%20Welfare", parameters={}
2022-04-28 20:06:33,922 DEBUG org.springframework.web.servlet.handler.AbstractHandlerMapping [http-nio-8096-exec-8] Mapped to com.example.speproject.controller.ngoController#fetchNgoByCategory(String)
2022-04-28 20:06:33,923 INFO com.example.speproject.controller.ngoController [http-nio-8096-exec-8] Fetching Ngo by category
2022-04-28 20:06:33,928 DEBUG org.springframework.web.servlet.mvc.method.annotation.AbstractMessageConverterMethodProcessor [http-nio-8096-exec-8] Using 'application/json', given [application/json, text/plain, */*] and supported [application/json, application/*+json, application/json, application/*+json]
2022-04-28 20:06:33,929 DEBUG org.springframework.core.log.LogFormatUtils [http-nio-8096-exec-8] Writing [[com.example.speproject.bean.Ngo@ef045e0]]
2022-04-28 20:06:33,939 DEBUG org.springframework.web.servlet.FrameworkServlet [http-nio-8096-exec-8] Completed 200 OK
2022-04-28 20:06:35,197 DEBUG org.springframework.core.log.LogFormatUtils [http-nio-8096-exec-9] GET "/api/ngo/image/2", parameters={}
2022-04-28 20:06:35,198 DEBUG org.springframework.core.log.LogFormatUtils [http-nio-8096-exec-10] GET "/api/ngolist/2", parameters={}
2022-04-28 20:06:35,199 DEBUG org.springframework.web.servlet.handler.AbstractHandlerMapping [http-nio-8096-exec-10] Mapped to com.example.speproject.controller.ngoController#FetchNgoById(Long)
2022-04-28 20:06:35,200 INFO com.example.speproject.controller.ngoController [http-nio-8096-exec-10] Fetching Ngo Details of: 2
2022-04-28 20:06:35,198 DEBUG org.springframework.web.servlet.handler.AbstractHandlerMapping [http-nio-8096-exec-9] Mapped to com.example.speproject.controller.ngoController#getNgoImage(String)
2022-04-28 20:06:35,212 INFO com.example.speproject.controller.ngoController [http-nio-8096-exec-9] Getting Banner logo_2waterB.jpeg
2022-04-28 20:06:35,212 DEBUG org.springframework.web.servlet.mvc.method.annotation.AbstractMessageConverterMethodProcessor [http-nio-8096-exec-10] Using 'application/json', given [application/json, text/plain, */*] and supported [application/json, application/*+json, application/json, application/*+json]
2022-04-28 20:06:35,212 DEBUG org.springframework.core.log.LogFormatUtils [http-nio-8096-exec-10] Writing [com.example.speproject.bean.Ngo@7c94a579]
2022-04-28 20:06:35,213 DEBUG org.springframework.web.servlet.mvc.method.annotation.AbstractMessageConverterMethodProcessor [http-nio-8096-exec-9] Using 'application/json', given [application/json, text/plain, */*] and supported [*/*, application/json, application/*+json, application/json, application/*+json]
2022-04-28 20:06:35,213 DEBUG org.springframework.core.log.LogFormatUtils [http-nio-8096-exec-9] Writing [URL [file:/home/astha/Downloads/speproject/target/classes/static/images/logo_2waterB.jpeg]]
2022-04-28 20:06:35,214 DEBUG org.springframework.web.servlet.FrameworkServlet [http-nio-8096-exec-9] Completed 200 OK
2022-04-28 20:06:35,217 DEBUG org.springframework.web.servlet.FrameworkServlet [http-nio-8096-exec-10] Completed 200 OK
2022-04-28 20:06:47,220 DEBUG org.springframework.core.log.LogFormatUtils [http-nio-8096-exec-1] OPTIONS "/api/savedonatedetails", parameters={}
2022-04-28 20:06:47,221 DEBUG org.springframework.web.servlet.handler.AbstractHandlerMapping [http-nio-8096-exec-1] Mapped to com.example.speproject.controller.donatedetailsController#saveDonateDetails(DonateDetails)
2022-04-28 20:06:47,223 DEBUG org.springframework.web.servlet.FrameworkServlet [http-nio-8096-exec-1] Completed 200 OK
2022-04-28 20:06:47,232 DEBUG org.springframework.core.log.LogFormatUtils [http-nio-8096-exec-2] POST "/api/savedonatedetails", parameters={}
2022-04-28 20:06:47,233 DEBUG org.springframework.web.servlet.handler.AbstractHandlerMapping [http-nio-8096-exec-2] Mapped to com.example.speproject.controller.donatedetailsController#saveDonateDetails(DonateDetails)
2022-04-28 20:06:47,236 DEBUG org.springframework.core.log.LogFormatUtils [http-nio-8096-exec-2] Read "application/json;charset=UTF-8" to [com.example.speproject.bean.DonateDetails@395e4196]
2022-04-28 20:06:47,236 INFO com.example.speproject.controller.donatedetailsController [http-nio-8096-exec-2] Saving Donation Details
2022-04-28 20:06:47,414 DEBUG org.springframework.web.servlet.mvc.method.annotation.AbstractMessageConverterMethodProcessor [http-nio-8096-exec-2] Using 'application/json', given [application/json, text/plain, */*] and supported [application/json, application/*+json, application/json, application/*+json]
2022-04-28 20:06:47,415 DEBUG org.springframework.core.log.LogFormatUtils [http-nio-8096-exec-2] Writing [com.example.speproject.bean.DonateDetails@395e4196]
2022-04-28 20:06:47,418 DEBUG org.springframework.web.servlet.FrameworkServlet [http-nio-8096-exec-2] Completed 200 OK
2022-04-28 20:06:47,433 DEBUG org.springframework.core.log.LogFormatUtils [http-nio-8096-exec-3] GET "/api/donor/2", parameters={}
2022-04-28 20:06:47,434 DEBUG org.springframework.web.servlet.handler.AbstractHandlerMapping [http-nio-8096-exec-3] Mapped to com.example.speproject.controller.donorController#FetchDonorById(Long)
2022-04-28 20:06:47,435 INFO com.example.speproject.controller.donorController [http-nio-8096-exec-3] Getting Donor Details of Donor ID 2
2022-04-28 20:06:47,448 DEBUG org.springframework.web.servlet.mvc.method.annotation.AbstractMessageConverterMethodProcessor [http-nio-8096-exec-3] Using 'application/json', given [application/json, text/plain, */*] and supported [application/json, application/*+json, application/json, application/*+json]
2022-04-28 20:06:47,449 DEBUG org.springframework.core.log.LogFormatUtils [http-nio-8096-exec-3] Writing [com.example.speproject.bean.Donor@7be0ddf9]
2022-04-28 20:06:47,455 DEBUG org.springframework.web.servlet.FrameworkServlet [http-nio-8096-exec-3] Completed 200 OK
2022-04-28 20:06:47,483 DEBUG org.springframework.core.log.LogFormatUtils [http-nio-8096-exec-4] GET "/api/donor/2", parameters={}
2022-04-28 20:06:47,484 DEBUG org.springframework.web.servlet.handler.AbstractHandlerMapping [http-nio-8096-exec-4] Mapped to com.example.speproject.controller.donorController#FetchDonorById(Long)
2022-04-28 20:06:47,485 INFO com.example.speproject.controller.donorController [http-nio-8096-exec-4] Getting Donor Details of Donor ID 2
2022-04-28 20:06:47,492 DEBUG org.springframework.web.servlet.mvc.method.annotation.AbstractMessageConverterMethodProcessor [http-nio-8096-exec-4] Using 'application/json', given [application/json, text/plain, */*] and supported [application/json, application/*+json, application/json, application/*+json]
2022-04-28 20:06:47,492 DEBUG org.springframework.core.log.LogFormatUtils [http-nio-8096-exec-4] Writing [com.example.speproject.bean.Donor@39b093cf]
2022-04-28 20:06:47,500 DEBUG org.springframework.web.servlet.FrameworkServlet [http-nio-8096-exec-4] Completed 200 OK
