2022-05-01 16:38:33,609 INFO org.springframework.boot.StartupInfoLogger [restartedMain] Starting SpeprojectApplication using Java 11.0.13 on notebook with PID 31610 (/home/astha/Downloads/speproject/target/classes started by astha in /home/astha/Downloads/speproject)
2022-05-01 16:38:33,645 INFO org.springframework.boot.SpringApplication [restartedMain] No active profile set, falling back to 1 default profile: "default"
2022-05-01 16:38:34,381 INFO org.springframework.boot.logging.DeferredLog [restartedMain] Devtools property defaults active! Set 'spring.devtools.add-properties' to 'false' to disable
2022-05-01 16:38:34,384 INFO org.springframework.boot.logging.DeferredLog [restartedMain] For additional web related logging consider setting the 'logging.level.web' property to 'DEBUG'
2022-05-01 16:38:40,056 INFO org.springframework.data.repository.config.RepositoryConfigurationDelegate [restartedMain] Bootstrapping Spring Data JPA repositories in DEFAULT mode.
2022-05-01 16:38:40,218 INFO org.springframework.data.repository.config.RepositoryConfigurationDelegate [restartedMain] Finished Spring Data repository scanning in 118 ms. Found 3 JPA repository interfaces.
2022-05-01 16:38:45,892 INFO org.springframework.boot.web.embedded.tomcat.TomcatWebServer [restartedMain] Tomcat initialized with port(s): 8096 (http)
2022-05-01 16:38:45,933 INFO org.apache.juli.logging.DirectJDKLog [restartedMain] Initializing ProtocolHandler ["http-nio-8096"]
2022-05-01 16:38:45,935 INFO org.apache.juli.logging.DirectJDKLog [restartedMain] Starting service [Tomcat]
2022-05-01 16:38:45,939 INFO org.apache.juli.logging.DirectJDKLog [restartedMain] Starting Servlet engine: [Apache Tomcat/9.0.60]
2022-05-01 16:38:46,328 INFO org.apache.juli.logging.DirectJDKLog [restartedMain] Initializing Spring embedded WebApplicationContext
2022-05-01 16:38:46,332 INFO org.springframework.boot.web.servlet.context.ServletWebServerApplicationContext [restartedMain] Root WebApplicationContext: initialization completed in 11946 ms
2022-05-01 16:38:59,607 INFO com.zaxxer.hikari.HikariDataSource [restartedMain] HikariPool-1 - Starting...
2022-05-01 16:39:04,510 INFO com.zaxxer.hikari.HikariDataSource [restartedMain] HikariPool-1 - Start completed.
2022-05-01 16:39:06,850 INFO org.springframework.orm.jpa.AbstractEntityManagerFactoryBean [restartedMain] Initialized JPA EntityManagerFactory for persistence unit 'default'
2022-05-01 16:39:10,459 WARN org.springframework.context.support.AbstractApplicationContext [restartedMain] Exception encountered during context initialization - cancelling refresh attempt: org.springframework.beans.factory.BeanCreationException: Error creating bean with name 'Ngo' defined in com.example.speproject.SpeprojectApplication: Invocation of init method failed; nested exception is org.springframework.orm.jpa.JpaObjectRetrievalFailureException: Unable to find com.example.speproject.bean.DonateDetails with id 1; nested exception is javax.persistence.EntityNotFoundException: Unable to find com.example.speproject.bean.DonateDetails with id 1
2022-05-01 16:39:10,463 INFO org.springframework.orm.jpa.AbstractEntityManagerFactoryBean [restartedMain] Closing JPA EntityManagerFactory for persistence unit 'default'
2022-05-01 16:39:10,499 INFO com.zaxxer.hikari.HikariDataSource [restartedMain] HikariPool-1 - Shutdown initiated...
2022-05-01 16:39:10,561 INFO com.zaxxer.hikari.HikariDataSource [restartedMain] HikariPool-1 - Shutdown completed.
2022-05-01 16:39:10,565 INFO org.apache.juli.logging.DirectJDKLog [restartedMain] Stopping service [Tomcat]
2022-05-01 16:39:10,646 INFO org.springframework.boot.autoconfigure.logging.ConditionEvaluationReportLoggingListener [restartedMain] 

Error starting ApplicationContext. To display the conditions report re-run your application with 'debug' enabled.
2022-05-01 16:39:10,728 ERROR org.springframework.boot.SpringApplication [restartedMain] Application run failed
org.springframework.beans.factory.BeanCreationException: Error creating bean with name 'Ngo' defined in com.example.speproject.SpeprojectApplication: Invocation of init method failed; nested exception is org.springframework.orm.jpa.JpaObjectRetrievalFailureException: Unable to find com.example.speproject.bean.DonateDetails with id 1; nested exception is javax.persistence.EntityNotFoundException: Unable to find com.example.speproject.bean.DonateDetails with id 1
	at org.springframework.beans.factory.support.AbstractAutowireCapableBeanFactory.initializeBean(AbstractAutowireCapableBeanFactory.java:1804)
	at org.springframework.beans.factory.support.AbstractAutowireCapableBeanFactory.doCreateBean(AbstractAutowireCapableBeanFactory.java:620)
	at org.springframework.beans.factory.support.AbstractAutowireCapableBeanFactory.createBean(AbstractAutowireCapableBeanFactory.java:542)
	at org.springframework.beans.factory.support.AbstractBeanFactory.lambda$doGetBean$0(AbstractBeanFactory.java:335)
	at org.springframework.beans.factory.support.DefaultSingletonBeanRegistry.getSingleton(DefaultSingletonBeanRegistry.java:234)
	at org.springframework.beans.factory.support.AbstractBeanFactory.doGetBean(AbstractBeanFactory.java:333)
	at org.springframework.beans.factory.support.AbstractBeanFactory.getBean(AbstractBeanFactory.java:208)
	at org.springframework.beans.factory.support.DefaultListableBeanFactory.preInstantiateSingletons(DefaultListableBeanFactory.java:953)
	at org.springframework.context.support.AbstractApplicationContext.finishBeanFactoryInitialization(AbstractApplicationContext.java:918)
	at org.springframework.context.support.AbstractApplicationContext.refresh(AbstractApplicationContext.java:583)
	at org.springframework.boot.web.servlet.context.ServletWebServerApplicationContext.refresh(ServletWebServerApplicationContext.java:145)
	at org.springframework.boot.SpringApplication.refresh(SpringApplication.java:740)
	at org.springframework.boot.SpringApplication.refreshContext(SpringApplication.java:415)
	at org.springframework.boot.SpringApplication.run(SpringApplication.java:303)
	at org.springframework.boot.SpringApplication.run(SpringApplication.java:1312)
	at org.springframework.boot.SpringApplication.run(SpringApplication.java:1301)
	at com.example.speproject.SpeprojectApplication.main(SpeprojectApplication.java:27)
	at java.base/jdk.internal.reflect.NativeMethodAccessorImpl.invoke0(Native Method)
	at java.base/jdk.internal.reflect.NativeMethodAccessorImpl.invoke(NativeMethodAccessorImpl.java:62)
	at java.base/jdk.internal.reflect.DelegatingMethodAccessorImpl.invoke(DelegatingMethodAccessorImpl.java:43)
	at java.base/java.lang.reflect.Method.invoke(Method.java:566)
	at org.springframework.boot.devtools.restart.RestartLauncher.run(RestartLauncher.java:49)
Caused by: org.springframework.orm.jpa.JpaObjectRetrievalFailureException: Unable to find com.example.speproject.bean.DonateDetails with id 1; nested exception is javax.persistence.EntityNotFoundException: Unable to find com.example.speproject.bean.DonateDetails with id 1
	at org.springframework.orm.jpa.EntityManagerFactoryUtils.convertJpaAccessExceptionIfPossible(EntityManagerFactoryUtils.java:379)
	at org.springframework.orm.jpa.vendor.HibernateJpaDialect.translateExceptionIfPossible(HibernateJpaDialect.java:235)
	at org.springframework.orm.jpa.AbstractEntityManagerFactoryBean.translateExceptionIfPossible(AbstractEntityManagerFactoryBean.java:551)
	at org.springframework.dao.support.ChainedPersistenceExceptionTranslator.translateExceptionIfPossible(ChainedPersistenceExceptionTranslator.java:61)
	at org.springframework.dao.support.DataAccessUtils.translateIfNecessary(DataAccessUtils.java:242)
	at org.springframework.dao.support.PersistenceExceptionTranslationInterceptor.invoke(PersistenceExceptionTranslationInterceptor.java:152)
	at org.springframework.aop.framework.ReflectiveMethodInvocation.proceed(ReflectiveMethodInvocation.java:186)
	at org.springframework.data.jpa.repository.support.CrudMethodMetadataPostProcessor$CrudMethodMetadataPopulatingMethodInterceptor.invoke(CrudMethodMetadataPostProcessor.java:174)
	at org.springframework.aop.framework.ReflectiveMethodInvocation.proceed(ReflectiveMethodInvocation.java:186)
	at org.springframework.aop.interceptor.ExposeInvocationInterceptor.invoke(ExposeInvocationInterceptor.java:97)
	at org.springframework.aop.framework.ReflectiveMethodInvocation.proceed(ReflectiveMethodInvocation.java:186)
	at org.springframework.aop.framework.JdkDynamicAopProxy.invoke(JdkDynamicAopProxy.java:215)
	at com.sun.proxy.$Proxy112.save(Unknown Source)
	at com.example.speproject.SpeprojectApplication.lambda$Ngo$0(SpeprojectApplication.java:45)
	at org.springframework.beans.factory.support.AbstractAutowireCapableBeanFactory.invokeInitMethods(AbstractAutowireCapableBeanFactory.java:1863)
	at org.springframework.beans.factory.support.AbstractAutowireCapableBeanFactory.initializeBean(AbstractAutowireCapableBeanFactory.java:1800)
	... 21 common frames omitted
Caused by: javax.persistence.EntityNotFoundException: Unable to find com.example.speproject.bean.DonateDetails with id 1
	at org.hibernate.jpa.boot.internal.EntityManagerFactoryBuilderImpl$JpaEntityNotFoundDelegate.handleEntityNotFound(EntityManagerFactoryBuilderImpl.java:177)
	at org.hibernate.event.internal.DefaultLoadEventListener.load(DefaultLoadEventListener.java:216)
	at org.hibernate.event.internal.DefaultLoadEventListener.proxyOrLoad(DefaultLoadEventListener.java:327)
	at org.hibernate.event.internal.DefaultLoadEventListener.doOnLoad(DefaultLoadEventListener.java:108)
	at org.hibernate.event.internal.DefaultLoadEventListener.onLoad(DefaultLoadEventListener.java:74)
	at org.hibernate.event.service.internal.EventListenerGroupImpl.fireEventOnEachListener(EventListenerGroupImpl.java:118)
	at org.hibernate.internal.SessionImpl.fireLoadNoChecks(SessionImpl.java:1231)
	at org.hibernate.internal.SessionImpl.internalLoad(SessionImpl.java:1096)
	at org.hibernate.type.EntityType.resolveIdentifier(EntityType.java:706)
	at org.hibernate.type.EntityType.resolve(EntityType.java:465)
	at org.hibernate.type.ManyToOneType.resolve(ManyToOneType.java:265)
	at org.hibernate.type.EntityType.resolve(EntityType.java:458)
	at org.hibernate.type.EntityType.replace(EntityType.java:359)
	at org.hibernate.type.CollectionType.replaceElements(CollectionType.java:586)
	at org.hibernate.type.CollectionType.replace(CollectionType.java:750)
	at org.hibernate.type.TypeHelper.replace(TypeHelper.java:167)
	at org.hibernate.event.internal.DefaultMergeEventListener.copyValues(DefaultMergeEventListener.java:450)
	at org.hibernate.event.internal.DefaultMergeEventListener.entityIsDetached(DefaultMergeEventListener.java:347)
	at org.hibernate.event.internal.DefaultMergeEventListener.onMerge(DefaultMergeEventListener.java:172)
	at org.hibernate.event.internal.DefaultMergeEventListener.onMerge(DefaultMergeEventListener.java:70)
	at org.hibernate.event.service.internal.EventListenerGroupImpl.fireEventOnEachListener(EventListenerGroupImpl.java:107)
	at org.hibernate.internal.SessionImpl.fireMerge(SessionImpl.java:829)
	at org.hibernate.internal.SessionImpl.merge(SessionImpl.java:816)
	at java.base/jdk.internal.reflect.NativeMethodAccessorImpl.invoke0(Native Method)
	at java.base/jdk.internal.reflect.NativeMethodAccessorImpl.invoke(NativeMethodAccessorImpl.java:62)
	at java.base/jdk.internal.reflect.DelegatingMethodAccessorImpl.invoke(DelegatingMethodAccessorImpl.java:43)
	at java.base/java.lang.reflect.Method.invoke(Method.java:566)
	at org.springframework.orm.jpa.SharedEntityManagerCreator$SharedEntityManagerInvocationHandler.invoke(SharedEntityManagerCreator.java:311)
	at com.sun.proxy.$Proxy105.merge(Unknown Source)
	at org.springframework.data.jpa.repository.support.SimpleJpaRepository.save(SimpleJpaRepository.java:640)
	at java.base/jdk.internal.reflect.NativeMethodAccessorImpl.invoke0(Native Method)
	at java.base/jdk.internal.reflect.NativeMethodAccessorImpl.invoke(NativeMethodAccessorImpl.java:62)
	at java.base/jdk.internal.reflect.DelegatingMethodAccessorImpl.invoke(DelegatingMethodAccessorImpl.java:43)
	at java.base/java.lang.reflect.Method.invoke(Method.java:566)
	at org.springframework.data.repository.core.support.RepositoryMethodInvoker$RepositoryFragmentMethodInvoker.lambda$new$0(RepositoryMethodInvoker.java:289)
	at org.springframework.data.repository.core.support.RepositoryMethodInvoker.doInvoke(RepositoryMethodInvoker.java:137)
	at org.springframework.data.repository.core.support.RepositoryMethodInvoker.invoke(RepositoryMethodInvoker.java:121)
	at org.springframework.data.repository.core.support.RepositoryComposition$RepositoryFragments.invoke(RepositoryComposition.java:529)
	at org.springframework.data.repository.core.support.RepositoryComposition.invoke(RepositoryComposition.java:285)
	at org.springframework.data.repository.core.support.RepositoryFactorySupport$ImplementationMethodExecutionInterceptor.invoke(RepositoryFactorySupport.java:639)
	at org.springframework.aop.framework.ReflectiveMethodInvocation.proceed(ReflectiveMethodInvocation.java:186)
	at org.springframework.data.repository.core.support.QueryExecutorMethodInterceptor.doInvoke(QueryExecutorMethodInterceptor.java:163)
	at org.springframework.data.repository.core.support.QueryExecutorMethodInterceptor.invoke(QueryExecutorMethodInterceptor.java:138)
	at org.springframework.aop.framework.ReflectiveMethodInvocation.proceed(ReflectiveMethodInvocation.java:186)
	at org.springframework.data.projection.DefaultMethodInvokingMethodInterceptor.invoke(DefaultMethodInvokingMethodInterceptor.java:80)
	at org.springframework.aop.framework.ReflectiveMethodInvocation.proceed(ReflectiveMethodInvocation.java:186)
	at org.springframework.transaction.interceptor.TransactionInterceptor$1.proceedWithInvocation(TransactionInterceptor.java:123)
	at org.springframework.transaction.interceptor.TransactionAspectSupport.invokeWithinTransaction(TransactionAspectSupport.java:388)
	at org.springframework.transaction.interceptor.TransactionInterceptor.invoke(TransactionInterceptor.java:119)
	at org.springframework.aop.framework.ReflectiveMethodInvocation.proceed(ReflectiveMethodInvocation.java:186)
	at org.springframework.dao.support.PersistenceExceptionTranslationInterceptor.invoke(PersistenceExceptionTranslationInterceptor.java:137)
	... 31 common frames omitted
2022-05-01 16:40:18,098 INFO org.springframework.boot.StartupInfoLogger [restartedMain] Starting SpeprojectApplication using Java 11.0.13 on notebook with PID 33793 (/home/astha/Downloads/speproject/target/classes started by astha in /home/astha/Downloads/speproject)
2022-05-01 16:40:18,104 INFO org.springframework.boot.SpringApplication [restartedMain] No active profile set, falling back to 1 default profile: "default"
2022-05-01 16:40:18,367 INFO org.springframework.boot.logging.DeferredLog [restartedMain] Devtools property defaults active! Set 'spring.devtools.add-properties' to 'false' to disable
2022-05-01 16:40:18,368 INFO org.springframework.boot.logging.DeferredLog [restartedMain] For additional web related logging consider setting the 'logging.level.web' property to 'DEBUG'
2022-05-01 16:40:19,062 INFO org.springframework.data.repository.config.RepositoryConfigurationDelegate [restartedMain] Bootstrapping Spring Data JPA repositories in DEFAULT mode.
2022-05-01 16:40:19,180 INFO org.springframework.data.repository.config.RepositoryConfigurationDelegate [restartedMain] Finished Spring Data repository scanning in 110 ms. Found 3 JPA repository interfaces.
2022-05-01 16:40:20,218 INFO org.springframework.boot.web.embedded.tomcat.TomcatWebServer [restartedMain] Tomcat initialized with port(s): 8096 (http)
2022-05-01 16:40:20,229 INFO org.apache.juli.logging.DirectJDKLog [restartedMain] Initializing ProtocolHandler ["http-nio-8096"]
2022-05-01 16:40:20,230 INFO org.apache.juli.logging.DirectJDKLog [restartedMain] Starting service [Tomcat]
2022-05-01 16:40:20,230 INFO org.apache.juli.logging.DirectJDKLog [restartedMain] Starting Servlet engine: [Apache Tomcat/9.0.60]
2022-05-01 16:40:20,331 INFO org.apache.juli.logging.DirectJDKLog [restartedMain] Initializing Spring embedded WebApplicationContext
2022-05-01 16:40:20,332 INFO org.springframework.boot.web.servlet.context.ServletWebServerApplicationContext [restartedMain] Root WebApplicationContext: initialization completed in 1960 ms
2022-05-01 16:40:20,832 INFO com.zaxxer.hikari.HikariDataSource [restartedMain] HikariPool-1 - Starting...
2022-05-01 16:40:21,855 INFO com.zaxxer.hikari.HikariDataSource [restartedMain] HikariPool-1 - Start completed.
2022-05-01 16:40:22,551 INFO org.springframework.orm.jpa.AbstractEntityManagerFactoryBean [restartedMain] Initialized JPA EntityManagerFactory for persistence unit 'default'
2022-05-01 16:40:23,132 WARN org.springframework.boot.autoconfigure.orm.jpa.JpaBaseConfiguration$JpaWebConfiguration [restartedMain] spring.jpa.open-in-view is enabled by default. Therefore, database queries may be performed during view rendering. Explicitly configure spring.jpa.open-in-view to disable this warning
2022-05-01 16:40:23,696 DEBUG org.springframework.web.servlet.mvc.method.annotation.RequestMappingHandlerAdapter [restartedMain] ControllerAdvice beans: 0 @ModelAttribute, 0 @InitBinder, 1 RequestBodyAdvice, 1 ResponseBodyAdvice
2022-05-01 16:40:23,857 DEBUG org.springframework.web.servlet.handler.AbstractHandlerMethodMapping [restartedMain] 18 mappings in 'requestMappingHandlerMapping'
2022-05-01 16:40:23,926 DEBUG org.springframework.web.servlet.handler.SimpleUrlHandlerMapping [restartedMain] Patterns [/webjars/**, /**] in 'resourceHandlerMapping'
2022-05-01 16:40:23,976 DEBUG org.springframework.web.servlet.mvc.method.annotation.ExceptionHandlerExceptionResolver [restartedMain] ControllerAdvice beans: 0 @ExceptionHandler, 1 ResponseBodyAdvice
2022-05-01 16:40:24,426 INFO org.springframework.boot.devtools.autoconfigure.OptionalLiveReloadServer [restartedMain] LiveReload server is running on port 35729
2022-05-01 16:40:24,457 INFO org.apache.juli.logging.DirectJDKLog [restartedMain] Starting ProtocolHandler ["http-nio-8096"]
2022-05-01 16:40:24,524 WARN org.springframework.context.support.AbstractApplicationContext [restartedMain] Exception encountered during context initialization - cancelling refresh attempt: org.springframework.context.ApplicationContextException: Failed to start bean 'webServerStartStop'; nested exception is org.springframework.boot.web.server.PortInUseException: Port 8096 is already in use
2022-05-01 16:40:24,529 INFO org.springframework.orm.jpa.AbstractEntityManagerFactoryBean [restartedMain] Closing JPA EntityManagerFactory for persistence unit 'default'
2022-05-01 16:40:24,533 INFO com.zaxxer.hikari.HikariDataSource [restartedMain] HikariPool-1 - Shutdown initiated...
2022-05-01 16:40:24,558 INFO com.zaxxer.hikari.HikariDataSource [restartedMain] HikariPool-1 - Shutdown completed.
2022-05-01 16:40:24,561 INFO org.apache.juli.logging.DirectJDKLog [restartedMain] Pausing ProtocolHandler ["http-nio-8096"]
2022-05-01 16:40:24,561 INFO org.apache.juli.logging.DirectJDKLog [restartedMain] Stopping service [Tomcat]
2022-05-01 16:40:24,567 INFO org.apache.juli.logging.DirectJDKLog [restartedMain] Stopping ProtocolHandler ["http-nio-8096"]
2022-05-01 16:40:24,568 INFO org.apache.juli.logging.DirectJDKLog [restartedMain] Destroying ProtocolHandler ["http-nio-8096"]
2022-05-01 16:40:24,583 INFO org.springframework.boot.autoconfigure.logging.ConditionEvaluationReportLoggingListener [restartedMain] 

Error starting ApplicationContext. To display the conditions report re-run your application with 'debug' enabled.
2022-05-01 16:40:24,618 ERROR org.springframework.boot.diagnostics.LoggingFailureAnalysisReporter [restartedMain] 

***************************
APPLICATION FAILED TO START
***************************

Description:

Web server failed to start. Port 8096 was already in use.

Action:

Identify and stop the process that's listening on port 8096 or configure this application to listen on another port.

2022-05-01 16:42:26,907 INFO org.springframework.boot.StartupInfoLogger [restartedMain] Starting SpeprojectApplication using Java 11.0.13 on notebook with PID 36165 (/home/astha/Downloads/speproject/target/classes started by astha in /home/astha/Downloads/speproject)
2022-05-01 16:42:26,910 INFO org.springframework.boot.SpringApplication [restartedMain] No active profile set, falling back to 1 default profile: "default"
2022-05-01 16:42:26,972 INFO org.springframework.boot.logging.DeferredLog [restartedMain] Devtools property defaults active! Set 'spring.devtools.add-properties' to 'false' to disable
2022-05-01 16:42:26,973 INFO org.springframework.boot.logging.DeferredLog [restartedMain] For additional web related logging consider setting the 'logging.level.web' property to 'DEBUG'
2022-05-01 16:42:27,763 INFO org.springframework.data.repository.config.RepositoryConfigurationDelegate [restartedMain] Bootstrapping Spring Data JPA repositories in DEFAULT mode.
2022-05-01 16:42:27,810 INFO org.springframework.data.repository.config.RepositoryConfigurationDelegate [restartedMain] Finished Spring Data repository scanning in 39 ms. Found 3 JPA repository interfaces.
2022-05-01 16:42:28,339 INFO org.springframework.boot.web.embedded.tomcat.TomcatWebServer [restartedMain] Tomcat initialized with port(s): 8096 (http)
2022-05-01 16:42:28,361 INFO org.apache.juli.logging.DirectJDKLog [restartedMain] Initializing ProtocolHandler ["http-nio-8096"]
2022-05-01 16:42:28,362 INFO org.apache.juli.logging.DirectJDKLog [restartedMain] Starting service [Tomcat]
2022-05-01 16:42:28,363 INFO org.apache.juli.logging.DirectJDKLog [restartedMain] Starting Servlet engine: [Apache Tomcat/9.0.60]
2022-05-01 16:42:28,446 INFO org.apache.juli.logging.DirectJDKLog [restartedMain] Initializing Spring embedded WebApplicationContext
2022-05-01 16:42:28,447 INFO org.springframework.boot.web.servlet.context.ServletWebServerApplicationContext [restartedMain] Root WebApplicationContext: initialization completed in 1470 ms
2022-05-01 16:42:28,791 INFO com.zaxxer.hikari.HikariDataSource [restartedMain] HikariPool-1 - Starting...
2022-05-01 16:42:29,861 INFO com.zaxxer.hikari.HikariDataSource [restartedMain] HikariPool-1 - Start completed.
2022-05-01 16:42:49,844 INFO org.springframework.orm.jpa.AbstractEntityManagerFactoryBean [restartedMain] Initialized JPA EntityManagerFactory for persistence unit 'default'
2022-05-01 16:42:51,408 WARN org.springframework.boot.autoconfigure.orm.jpa.JpaBaseConfiguration$JpaWebConfiguration [restartedMain] spring.jpa.open-in-view is enabled by default. Therefore, database queries may be performed during view rendering. Explicitly configure spring.jpa.open-in-view to disable this warning
2022-05-01 16:42:51,578 DEBUG org.springframework.web.servlet.mvc.method.annotation.RequestMappingHandlerAdapter [restartedMain] ControllerAdvice beans: 0 @ModelAttribute, 0 @InitBinder, 1 RequestBodyAdvice, 1 ResponseBodyAdvice
2022-05-01 16:42:51,714 DEBUG org.springframework.web.servlet.handler.AbstractHandlerMethodMapping [restartedMain] 18 mappings in 'requestMappingHandlerMapping'
2022-05-01 16:42:51,770 DEBUG org.springframework.web.servlet.handler.SimpleUrlHandlerMapping [restartedMain] Patterns [/webjars/**, /**] in 'resourceHandlerMapping'
2022-05-01 16:42:51,786 DEBUG org.springframework.web.servlet.mvc.method.annotation.ExceptionHandlerExceptionResolver [restartedMain] ControllerAdvice beans: 0 @ExceptionHandler, 1 ResponseBodyAdvice
2022-05-01 16:42:51,983 INFO org.springframework.boot.devtools.autoconfigure.OptionalLiveReloadServer [restartedMain] LiveReload server is running on port 35729
2022-05-01 16:42:52,040 INFO org.apache.juli.logging.DirectJDKLog [restartedMain] Starting ProtocolHandler ["http-nio-8096"]
2022-05-01 16:42:52,049 WARN org.springframework.context.support.AbstractApplicationContext [restartedMain] Exception encountered during context initialization - cancelling refresh attempt: org.springframework.context.ApplicationContextException: Failed to start bean 'webServerStartStop'; nested exception is org.springframework.boot.web.server.PortInUseException: Port 8096 is already in use
2022-05-01 16:42:52,063 INFO org.springframework.orm.jpa.AbstractEntityManagerFactoryBean [restartedMain] Closing JPA EntityManagerFactory for persistence unit 'default'
2022-05-01 16:42:52,069 INFO com.zaxxer.hikari.HikariDataSource [restartedMain] HikariPool-1 - Shutdown initiated...
2022-05-01 16:42:52,127 INFO com.zaxxer.hikari.HikariDataSource [restartedMain] HikariPool-1 - Shutdown completed.
2022-05-01 16:42:52,131 INFO org.apache.juli.logging.DirectJDKLog [restartedMain] Pausing ProtocolHandler ["http-nio-8096"]
2022-05-01 16:42:52,131 INFO org.apache.juli.logging.DirectJDKLog [restartedMain] Stopping service [Tomcat]
2022-05-01 16:42:52,143 INFO org.apache.juli.logging.DirectJDKLog [restartedMain] Stopping ProtocolHandler ["http-nio-8096"]
2022-05-01 16:42:52,144 INFO org.apache.juli.logging.DirectJDKLog [restartedMain] Destroying ProtocolHandler ["http-nio-8096"]
2022-05-01 16:42:52,167 INFO org.springframework.boot.autoconfigure.logging.ConditionEvaluationReportLoggingListener [restartedMain] 

Error starting ApplicationContext. To display the conditions report re-run your application with 'debug' enabled.
2022-05-01 16:42:52,196 ERROR org.springframework.boot.diagnostics.LoggingFailureAnalysisReporter [restartedMain] 

***************************
APPLICATION FAILED TO START
***************************

Description:

Web server failed to start. Port 8096 was already in use.

Action:

Identify and stop the process that's listening on port 8096 or configure this application to listen on another port.

2022-05-01 16:43:37,034 INFO org.springframework.boot.StartupInfoLogger [restartedMain] Starting SpeprojectApplication using Java 11.0.13 on notebook with PID 37478 (/home/astha/Downloads/speproject/target/classes started by astha in /home/astha/Downloads/speproject)
2022-05-01 16:43:37,036 INFO org.springframework.boot.SpringApplication [restartedMain] No active profile set, falling back to 1 default profile: "default"
2022-05-01 16:43:37,226 INFO org.springframework.boot.logging.DeferredLog [restartedMain] Devtools property defaults active! Set 'spring.devtools.add-properties' to 'false' to disable
2022-05-01 16:43:37,231 INFO org.springframework.boot.logging.DeferredLog [restartedMain] For additional web related logging consider setting the 'logging.level.web' property to 'DEBUG'
2022-05-01 16:43:37,881 INFO org.springframework.data.repository.config.RepositoryConfigurationDelegate [restartedMain] Bootstrapping Spring Data JPA repositories in DEFAULT mode.
2022-05-01 16:43:37,964 INFO org.springframework.data.repository.config.RepositoryConfigurationDelegate [restartedMain] Finished Spring Data repository scanning in 34 ms. Found 3 JPA repository interfaces.
2022-05-01 16:43:38,419 INFO org.springframework.boot.web.embedded.tomcat.TomcatWebServer [restartedMain] Tomcat initialized with port(s): 8097 (http)
2022-05-01 16:43:38,425 INFO org.apache.juli.logging.DirectJDKLog [restartedMain] Initializing ProtocolHandler ["http-nio-8097"]
2022-05-01 16:43:38,426 INFO org.apache.juli.logging.DirectJDKLog [restartedMain] Starting service [Tomcat]
2022-05-01 16:43:38,426 INFO org.apache.juli.logging.DirectJDKLog [restartedMain] Starting Servlet engine: [Apache Tomcat/9.0.60]
2022-05-01 16:43:38,485 INFO org.apache.juli.logging.DirectJDKLog [restartedMain] Initializing Spring embedded WebApplicationContext
2022-05-01 16:43:38,485 INFO org.springframework.boot.web.servlet.context.ServletWebServerApplicationContext [restartedMain] Root WebApplicationContext: initialization completed in 1253 ms
2022-05-01 16:43:38,775 INFO com.zaxxer.hikari.HikariDataSource [restartedMain] HikariPool-1 - Starting...
2022-05-01 16:43:39,005 INFO com.zaxxer.hikari.HikariDataSource [restartedMain] HikariPool-1 - Start completed.
2022-05-01 16:43:39,608 INFO org.springframework.orm.jpa.AbstractEntityManagerFactoryBean [restartedMain] Initialized JPA EntityManagerFactory for persistence unit 'default'
2022-05-01 16:43:40,096 WARN org.springframework.boot.autoconfigure.orm.jpa.JpaBaseConfiguration$JpaWebConfiguration [restartedMain] spring.jpa.open-in-view is enabled by default. Therefore, database queries may be performed during view rendering. Explicitly configure spring.jpa.open-in-view to disable this warning
2022-05-01 16:43:40,196 DEBUG org.springframework.web.servlet.mvc.method.annotation.RequestMappingHandlerAdapter [restartedMain] ControllerAdvice beans: 0 @ModelAttribute, 0 @InitBinder, 1 RequestBodyAdvice, 1 ResponseBodyAdvice
2022-05-01 16:43:40,271 DEBUG org.springframework.web.servlet.handler.AbstractHandlerMethodMapping [restartedMain] 18 mappings in 'requestMappingHandlerMapping'
2022-05-01 16:43:40,300 DEBUG org.springframework.web.servlet.handler.SimpleUrlHandlerMapping [restartedMain] Patterns [/webjars/**, /**] in 'resourceHandlerMapping'
2022-05-01 16:43:40,309 DEBUG org.springframework.web.servlet.mvc.method.annotation.ExceptionHandlerExceptionResolver [restartedMain] ControllerAdvice beans: 0 @ExceptionHandler, 1 ResponseBodyAdvice
2022-05-01 16:43:40,382 INFO org.springframework.boot.devtools.autoconfigure.OptionalLiveReloadServer [restartedMain] LiveReload server is running on port 35729
2022-05-01 16:43:40,397 INFO org.apache.juli.logging.DirectJDKLog [restartedMain] Starting ProtocolHandler ["http-nio-8097"]
2022-05-01 16:43:40,735 INFO org.springframework.boot.web.embedded.tomcat.TomcatWebServer [restartedMain] Tomcat started on port(s): 8097 (http) with context path ''
2022-05-01 16:43:40,746 INFO org.springframework.boot.StartupInfoLogger [restartedMain] Started SpeprojectApplication in 4.508 seconds (JVM running for 6.982)
2022-05-01 16:47:27,804 INFO org.apache.juli.logging.DirectJDKLog [http-nio-8097-exec-1] Initializing Spring DispatcherServlet 'dispatcherServlet'
2022-05-01 16:47:27,806 INFO org.springframework.web.servlet.FrameworkServlet [http-nio-8097-exec-1] Initializing Servlet 'dispatcherServlet'
2022-05-01 16:47:27,806 DEBUG org.springframework.web.servlet.DispatcherServlet [http-nio-8097-exec-1] Detected StandardServletMultipartResolver
2022-05-01 16:47:27,807 DEBUG org.springframework.web.servlet.DispatcherServlet [http-nio-8097-exec-1] Detected AcceptHeaderLocaleResolver
2022-05-01 16:47:27,807 DEBUG org.springframework.web.servlet.DispatcherServlet [http-nio-8097-exec-1] Detected FixedThemeResolver
2022-05-01 16:47:27,810 DEBUG org.springframework.web.servlet.DispatcherServlet [http-nio-8097-exec-1] Detected org.springframework.web.servlet.view.DefaultRequestToViewNameTranslator@6e36e6f
2022-05-01 16:47:27,811 DEBUG org.springframework.web.servlet.DispatcherServlet [http-nio-8097-exec-1] Detected org.springframework.web.servlet.support.SessionFlashMapManager@6bfc4e15
2022-05-01 16:47:27,812 DEBUG org.springframework.web.servlet.FrameworkServlet [http-nio-8097-exec-1] enableLoggingRequestDetails='false': request parameters and headers will be masked to prevent unsafe logging of potentially sensitive data
2022-05-01 16:47:27,813 INFO org.springframework.web.servlet.FrameworkServlet [http-nio-8097-exec-1] Completed initialization in 7 ms
2022-05-01 16:47:27,891 DEBUG org.springframework.core.log.LogFormatUtils [http-nio-8097-exec-1] POST "/api/addaNgo", parameters={multipart}
2022-05-01 16:47:28,146 DEBUG org.springframework.web.servlet.handler.AbstractHandlerMapping [http-nio-8097-exec-1] Mapped to com.example.speproject.controller.ngoController#AddNgo(MultipartFile, String, String, String, String, String, String, String, String, String, String, String, String)
2022-05-01 16:47:28,862 INFO com.example.speproject.controller.ngoController [http-nio-8097-exec-1] Added Ngo with Banner Photo: logo_2waterB.jpeg
2022-05-01 16:47:30,547 DEBUG org.springframework.web.servlet.mvc.method.annotation.AbstractMessageConverterMethodProcessor [http-nio-8097-exec-1] Using 'application/json', given [application/json, text/plain, */*] and supported [application/json, application/*+json, application/json, application/*+json]
2022-05-01 16:47:30,549 DEBUG org.springframework.core.log.LogFormatUtils [http-nio-8097-exec-1] Writing [com.example.speproject.bean.Ngo@457f6317]
2022-05-01 16:47:30,791 DEBUG org.springframework.web.servlet.FrameworkServlet [http-nio-8097-exec-1] Completed 200 OK
2022-05-01 16:47:39,917 DEBUG org.springframework.core.log.LogFormatUtils [http-nio-8097-exec-3] GET "/api/ngocategory/Women%20Empowerment", parameters={}
2022-05-01 16:47:39,919 DEBUG org.springframework.web.servlet.handler.AbstractHandlerMapping [http-nio-8097-exec-3] Mapped to com.example.speproject.controller.ngoController#fetchNgoByCategory(String)
2022-05-01 16:47:39,923 INFO com.example.speproject.controller.ngoController [http-nio-8097-exec-3] Fetching Ngo by category
2022-05-01 16:47:41,649 DEBUG org.springframework.web.servlet.mvc.method.annotation.AbstractMessageConverterMethodProcessor [http-nio-8097-exec-3] Using 'application/json', given [application/json, text/plain, */*] and supported [application/json, application/*+json, application/json, application/*+json]
2022-05-01 16:47:41,650 DEBUG org.springframework.core.log.LogFormatUtils [http-nio-8097-exec-3] Writing [[com.example.speproject.bean.Ngo@39b9251a, com.example.speproject.bean.Ngo@58f31758]]
2022-05-01 16:47:41,671 DEBUG org.springframework.web.servlet.FrameworkServlet [http-nio-8097-exec-3] Completed 200 OK
2022-05-01 16:47:47,538 DEBUG org.springframework.core.log.LogFormatUtils [http-nio-8097-exec-5] GET "/api/ngo/image/2", parameters={}
2022-05-01 16:47:47,539 DEBUG org.springframework.web.servlet.handler.AbstractHandlerMapping [http-nio-8097-exec-5] Mapped to com.example.speproject.controller.ngoController#getNgoImage(String)
2022-05-01 16:47:47,545 DEBUG org.springframework.core.log.LogFormatUtils [http-nio-8097-exec-6] GET "/api/ngolist/2", parameters={}
2022-05-01 16:47:47,546 DEBUG org.springframework.web.servlet.handler.AbstractHandlerMapping [http-nio-8097-exec-6] Mapped to com.example.speproject.controller.ngoController#FetchNgoById(Long)
2022-05-01 16:47:47,548 INFO com.example.speproject.controller.ngoController [http-nio-8097-exec-6] Fetching Ngo Details of: 2
2022-05-01 16:47:47,578 INFO com.example.speproject.controller.ngoController [http-nio-8097-exec-5] Getting Banner logo_2waterB.jpeg
2022-05-01 16:47:47,588 DEBUG org.springframework.web.servlet.mvc.method.annotation.AbstractMessageConverterMethodProcessor [http-nio-8097-exec-6] Using 'application/json', given [application/json, text/plain, */*] and supported [application/json, application/*+json, application/json, application/*+json]
2022-05-01 16:47:47,589 DEBUG org.springframework.core.log.LogFormatUtils [http-nio-8097-exec-6] Writing [com.example.speproject.bean.Ngo@266e146b]
2022-05-01 16:47:47,595 DEBUG org.springframework.web.servlet.FrameworkServlet [http-nio-8097-exec-6] Completed 200 OK
2022-05-01 16:47:47,870 DEBUG org.springframework.web.servlet.mvc.method.annotation.AbstractMessageConverterMethodProcessor [http-nio-8097-exec-5] Using 'application/json', given [application/json, text/plain, */*] and supported [*/*, application/json, application/*+json, application/json, application/*+json]
2022-05-01 16:47:47,870 DEBUG org.springframework.core.log.LogFormatUtils [http-nio-8097-exec-5] Writing [URL [file:/home/astha/Downloads/speproject/target/classes/static/images/logo_2waterB.jpeg]]
2022-05-01 16:47:47,872 DEBUG org.springframework.web.servlet.FrameworkServlet [http-nio-8097-exec-5] Completed 200 OK
2022-05-01 16:49:54,794 DEBUG org.springframework.core.log.LogFormatUtils [http-nio-8097-exec-9] OPTIONS "/api/savedonor", parameters={}
2022-05-01 16:49:54,795 DEBUG org.springframework.web.servlet.handler.AbstractHandlerMapping [http-nio-8097-exec-9] Mapped to com.example.speproject.controller.donorController#saveDonor(Donor)
2022-05-01 16:49:54,807 DEBUG org.springframework.web.servlet.FrameworkServlet [http-nio-8097-exec-9] Completed 200 OK
2022-05-01 16:49:54,828 DEBUG org.springframework.core.log.LogFormatUtils [http-nio-8097-exec-10] POST "/api/savedonor", parameters={}
2022-05-01 16:49:54,829 DEBUG org.springframework.web.servlet.handler.AbstractHandlerMapping [http-nio-8097-exec-10] Mapped to com.example.speproject.controller.donorController#saveDonor(Donor)
2022-05-01 16:49:55,073 DEBUG org.springframework.core.log.LogFormatUtils [http-nio-8097-exec-10] Read "application/json;charset=UTF-8" to [com.example.speproject.bean.Donor@28178628]
2022-05-01 16:49:55,092 INFO com.example.speproject.controller.donorController [http-nio-8097-exec-10] Donor saved with name Dheer
2022-05-01 16:49:55,264 DEBUG org.springframework.web.servlet.mvc.method.annotation.AbstractMessageConverterMethodProcessor [http-nio-8097-exec-10] Using 'application/json', given [application/json, text/plain, */*] and supported [application/json, application/*+json, application/json, application/*+json]
2022-05-01 16:49:55,264 DEBUG org.springframework.core.log.LogFormatUtils [http-nio-8097-exec-10] Writing [com.example.speproject.bean.Donor@28178628]
2022-05-01 16:49:55,266 DEBUG org.springframework.web.servlet.FrameworkServlet [http-nio-8097-exec-10] Completed 200 OK
2022-05-01 16:50:28,477 DEBUG org.springframework.core.log.LogFormatUtils [http-nio-8097-exec-2] OPTIONS "/api/donorlogin", parameters={}
2022-05-01 16:50:28,478 DEBUG org.springframework.web.servlet.handler.AbstractHandlerMapping [http-nio-8097-exec-2] Mapped to com.example.speproject.controller.donorController#dlogin(Donor)
2022-05-01 16:50:28,485 DEBUG org.springframework.web.servlet.FrameworkServlet [http-nio-8097-exec-2] Completed 200 OK
2022-05-01 16:50:28,493 DEBUG org.springframework.core.log.LogFormatUtils [http-nio-8097-exec-3] POST "/api/donorlogin", parameters={}
2022-05-01 16:50:28,494 DEBUG org.springframework.web.servlet.handler.AbstractHandlerMapping [http-nio-8097-exec-3] Mapped to com.example.speproject.controller.donorController#dlogin(Donor)
2022-05-01 16:50:28,496 DEBUG org.springframework.core.log.LogFormatUtils [http-nio-8097-exec-3] Read "application/json;charset=UTF-8" to [com.example.speproject.bean.Donor@72e90f98]
2022-05-01 16:50:28,569 INFO com.example.speproject.controller.donorController [http-nio-8097-exec-3] Donor Dheer logged in
2022-05-01 16:50:28,570 DEBUG org.springframework.web.servlet.mvc.method.annotation.AbstractMessageConverterMethodProcessor [http-nio-8097-exec-3] Using 'application/json', given [application/json, text/plain, */*] and supported [application/json, application/*+json, application/json, application/*+json]
2022-05-01 16:50:28,571 DEBUG org.springframework.core.log.LogFormatUtils [http-nio-8097-exec-3] Writing [com.example.speproject.bean.Donor@14edd2fb]
2022-05-01 16:50:28,583 DEBUG org.springframework.web.servlet.FrameworkServlet [http-nio-8097-exec-3] Completed 200 OK
2022-05-01 16:50:28,664 DEBUG org.springframework.core.log.LogFormatUtils [http-nio-8097-exec-4] GET "/api/donor/2", parameters={}
2022-05-01 16:50:28,665 DEBUG org.springframework.web.servlet.handler.AbstractHandlerMapping [http-nio-8097-exec-4] Mapped to com.example.speproject.controller.donorController#FetchDonorById(Long)
2022-05-01 16:50:28,684 INFO com.example.speproject.controller.donorController [http-nio-8097-exec-4] Getting Donor Details of Donor ID 2
2022-05-01 16:50:28,739 DEBUG org.springframework.web.servlet.mvc.method.annotation.AbstractMessageConverterMethodProcessor [http-nio-8097-exec-4] Using 'application/json', given [application/json, text/plain, */*] and supported [application/json, application/*+json, application/json, application/*+json]
2022-05-01 16:50:28,740 DEBUG org.springframework.core.log.LogFormatUtils [http-nio-8097-exec-4] Writing [com.example.speproject.bean.Donor@6813eef5]
2022-05-01 16:50:28,752 DEBUG org.springframework.web.servlet.FrameworkServlet [http-nio-8097-exec-4] Completed 200 OK
2022-05-01 16:53:38,104 DEBUG org.springframework.core.log.LogFormatUtils [http-nio-8097-exec-5] GET "/api/ngocategory/Women%20Empowerment", parameters={}
2022-05-01 16:53:38,107 DEBUG org.springframework.web.servlet.handler.AbstractHandlerMapping [http-nio-8097-exec-5] Mapped to com.example.speproject.controller.ngoController#fetchNgoByCategory(String)
2022-05-01 16:53:38,108 INFO com.example.speproject.controller.ngoController [http-nio-8097-exec-5] Fetching Ngo by category
2022-05-01 16:53:38,115 DEBUG org.springframework.web.servlet.mvc.method.annotation.AbstractMessageConverterMethodProcessor [http-nio-8097-exec-5] Using 'application/json', given [application/json, text/plain, */*] and supported [application/json, application/*+json, application/json, application/*+json]
2022-05-01 16:53:38,116 DEBUG org.springframework.core.log.LogFormatUtils [http-nio-8097-exec-5] Writing [[com.example.speproject.bean.Ngo@226e2363, com.example.speproject.bean.Ngo@62ca451e]]
2022-05-01 16:53:38,138 DEBUG org.springframework.web.servlet.FrameworkServlet [http-nio-8097-exec-5] Completed 200 OK
2022-05-01 16:53:41,621 DEBUG org.springframework.core.log.LogFormatUtils [http-nio-8097-exec-8] GET "/api/ngo/image/2", parameters={}
2022-05-01 16:53:41,622 DEBUG org.springframework.web.servlet.handler.AbstractHandlerMapping [http-nio-8097-exec-8] Mapped to com.example.speproject.controller.ngoController#getNgoImage(String)
2022-05-01 16:53:41,624 DEBUG org.springframework.core.log.LogFormatUtils [http-nio-8097-exec-7] GET "/api/ngolist/2", parameters={}
2022-05-01 16:53:41,624 DEBUG org.springframework.web.servlet.handler.AbstractHandlerMapping [http-nio-8097-exec-7] Mapped to com.example.speproject.controller.ngoController#FetchNgoById(Long)
2022-05-01 16:53:41,626 INFO com.example.speproject.controller.ngoController [http-nio-8097-exec-7] Fetching Ngo Details of: 2
2022-05-01 16:53:41,633 INFO com.example.speproject.controller.ngoController [http-nio-8097-exec-8] Getting Banner logo_2waterB.jpeg
2022-05-01 16:53:41,634 DEBUG org.springframework.web.servlet.mvc.method.annotation.AbstractMessageConverterMethodProcessor [http-nio-8097-exec-8] Using 'application/json', given [application/json, text/plain, */*] and supported [*/*, application/json, application/*+json, application/json, application/*+json]
2022-05-01 16:53:41,637 DEBUG org.springframework.web.servlet.mvc.method.annotation.AbstractMessageConverterMethodProcessor [http-nio-8097-exec-7] Using 'application/json', given [application/json, text/plain, */*] and supported [application/json, application/*+json, application/json, application/*+json]
2022-05-01 16:53:41,638 DEBUG org.springframework.core.log.LogFormatUtils [http-nio-8097-exec-8] Writing [URL [file:/home/astha/Downloads/speproject/target/classes/static/images/logo_2waterB.jpeg]]
2022-05-01 16:53:41,641 DEBUG org.springframework.core.log.LogFormatUtils [http-nio-8097-exec-7] Writing [com.example.speproject.bean.Ngo@3487a568]
2022-05-01 16:53:41,648 DEBUG org.springframework.web.servlet.FrameworkServlet [http-nio-8097-exec-7] Completed 200 OK
2022-05-01 16:53:41,651 DEBUG org.springframework.web.servlet.FrameworkServlet [http-nio-8097-exec-8] Completed 200 OK
2022-05-01 16:54:21,799 DEBUG org.springframework.core.log.LogFormatUtils [http-nio-8097-exec-1] OPTIONS "/api/savedonatedetails", parameters={}
2022-05-01 16:54:21,800 DEBUG org.springframework.web.servlet.handler.AbstractHandlerMapping [http-nio-8097-exec-1] Mapped to com.example.speproject.controller.donatedetailsController#saveDonateDetails(DonateDetails)
2022-05-01 16:54:21,801 DEBUG org.springframework.web.servlet.FrameworkServlet [http-nio-8097-exec-1] Completed 200 OK
2022-05-01 16:54:21,806 DEBUG org.springframework.core.log.LogFormatUtils [http-nio-8097-exec-2] POST "/api/savedonatedetails", parameters={}
2022-05-01 16:54:21,807 DEBUG org.springframework.web.servlet.handler.AbstractHandlerMapping [http-nio-8097-exec-2] Mapped to com.example.speproject.controller.donatedetailsController#saveDonateDetails(DonateDetails)
2022-05-01 16:54:21,814 DEBUG org.springframework.core.log.LogFormatUtils [http-nio-8097-exec-2] Read "application/json;charset=UTF-8" to [com.example.speproject.bean.DonateDetails@ae53598]
2022-05-01 16:54:21,815 INFO com.example.speproject.controller.donatedetailsController [http-nio-8097-exec-2] Saving Donation Details
2022-05-01 16:54:22,117 DEBUG org.springframework.web.servlet.mvc.method.annotation.AbstractMessageConverterMethodProcessor [http-nio-8097-exec-2] Using 'application/json', given [application/json, text/plain, */*] and supported [application/json, application/*+json, application/json, application/*+json]
2022-05-01 16:54:22,118 DEBUG org.springframework.core.log.LogFormatUtils [http-nio-8097-exec-2] Writing [com.example.speproject.bean.DonateDetails@ae53598]
2022-05-01 16:54:22,122 DEBUG org.springframework.web.servlet.FrameworkServlet [http-nio-8097-exec-2] Completed 200 OK
2022-05-01 16:54:22,129 DEBUG org.springframework.core.log.LogFormatUtils [http-nio-8097-exec-3] GET "/api/donor/2", parameters={}
2022-05-01 16:54:22,130 DEBUG org.springframework.web.servlet.handler.AbstractHandlerMapping [http-nio-8097-exec-3] Mapped to com.example.speproject.controller.donorController#FetchDonorById(Long)
2022-05-01 16:54:22,131 INFO com.example.speproject.controller.donorController [http-nio-8097-exec-3] Getting Donor Details of Donor ID 2
2022-05-01 16:54:22,138 DEBUG org.springframework.web.servlet.mvc.method.annotation.AbstractMessageConverterMethodProcessor [http-nio-8097-exec-3] Using 'application/json', given [application/json, text/plain, */*] and supported [application/json, application/*+json, application/json, application/*+json]
2022-05-01 16:54:22,139 DEBUG org.springframework.core.log.LogFormatUtils [http-nio-8097-exec-3] Writing [com.example.speproject.bean.Donor@62acf960]
2022-05-01 16:54:22,144 DEBUG org.springframework.web.servlet.FrameworkServlet [http-nio-8097-exec-3] Completed 200 OK
2022-05-01 16:54:22,408 DEBUG org.springframework.core.log.LogFormatUtils [http-nio-8097-exec-6] GET "/api/donor/2", parameters={}
2022-05-01 16:54:22,409 DEBUG org.springframework.web.servlet.handler.AbstractHandlerMapping [http-nio-8097-exec-6] Mapped to com.example.speproject.controller.donorController#FetchDonorById(Long)
2022-05-01 16:54:22,417 INFO com.example.speproject.controller.donorController [http-nio-8097-exec-6] Getting Donor Details of Donor ID 2
2022-05-01 16:54:22,454 DEBUG org.springframework.web.servlet.mvc.method.annotation.AbstractMessageConverterMethodProcessor [http-nio-8097-exec-6] Using 'application/json', given [application/json, text/plain, */*] and supported [application/json, application/*+json, application/json, application/*+json]
2022-05-01 16:54:22,454 DEBUG org.springframework.core.log.LogFormatUtils [http-nio-8097-exec-6] Writing [com.example.speproject.bean.Donor@5c1bf070]
2022-05-01 16:54:22,476 DEBUG org.springframework.web.servlet.FrameworkServlet [http-nio-8097-exec-6] Completed 200 OK
2022-05-01 16:54:54,987 DEBUG org.springframework.core.log.LogFormatUtils [http-nio-8097-exec-7] GET "/api/ngoq/paarii", parameters={}
2022-05-01 16:54:54,988 DEBUG org.springframework.web.servlet.handler.AbstractHandlerMapping [http-nio-8097-exec-7] Mapped to com.example.speproject.controller.ngoController#fetchNgoBySearch(String)
2022-05-01 16:54:54,990 INFO com.example.speproject.controller.ngoController [http-nio-8097-exec-7] Fetching Results based on: paarii
2022-05-01 16:54:55,002 DEBUG org.springframework.web.servlet.mvc.method.annotation.AbstractMessageConverterMethodProcessor [http-nio-8097-exec-7] Using 'application/json', given [application/json, text/plain, */*] and supported [application/json, application/*+json, application/json, application/*+json]
2022-05-01 16:54:55,003 DEBUG org.springframework.core.log.LogFormatUtils [http-nio-8097-exec-7] Writing [[]]
2022-05-01 16:54:55,004 DEBUG org.springframework.web.servlet.FrameworkServlet [http-nio-8097-exec-7] Completed 200 OK
2022-05-01 16:55:08,339 DEBUG org.springframework.core.log.LogFormatUtils [http-nio-8097-exec-10] GET "/api/ngocategory/Women%20Empowerment", parameters={}
2022-05-01 16:55:08,341 DEBUG org.springframework.web.servlet.handler.AbstractHandlerMapping [http-nio-8097-exec-10] Mapped to com.example.speproject.controller.ngoController#fetchNgoByCategory(String)
2022-05-01 16:55:08,345 INFO com.example.speproject.controller.ngoController [http-nio-8097-exec-10] Fetching Ngo by category
2022-05-01 16:55:08,355 DEBUG org.springframework.web.servlet.mvc.method.annotation.AbstractMessageConverterMethodProcessor [http-nio-8097-exec-10] Using 'application/json', given [application/json, text/plain, */*] and supported [application/json, application/*+json, application/json, application/*+json]
2022-05-01 16:55:08,356 DEBUG org.springframework.core.log.LogFormatUtils [http-nio-8097-exec-10] Writing [[com.example.speproject.bean.Ngo@6fdb686c, com.example.speproject.bean.Ngo@23b699fa]]
2022-05-01 16:55:08,368 DEBUG org.springframework.web.servlet.FrameworkServlet [http-nio-8097-exec-10] Completed 200 OK
2022-05-01 16:55:26,817 DEBUG org.springframework.core.log.LogFormatUtils [http-nio-8097-exec-1] GET "/api/ngoq/Paarii", parameters={}
2022-05-01 16:55:26,818 DEBUG org.springframework.web.servlet.handler.AbstractHandlerMapping [http-nio-8097-exec-1] Mapped to com.example.speproject.controller.ngoController#fetchNgoBySearch(String)
2022-05-01 16:55:26,819 INFO com.example.speproject.controller.ngoController [http-nio-8097-exec-1] Fetching Results based on: Paarii
2022-05-01 16:55:26,828 DEBUG org.springframework.web.servlet.mvc.method.annotation.AbstractMessageConverterMethodProcessor [http-nio-8097-exec-1] Using 'application/json', given [application/json, text/plain, */*] and supported [application/json, application/*+json, application/json, application/*+json]
2022-05-01 16:55:26,828 DEBUG org.springframework.core.log.LogFormatUtils [http-nio-8097-exec-1] Writing [[]]
2022-05-01 16:55:26,829 DEBUG org.springframework.web.servlet.FrameworkServlet [http-nio-8097-exec-1] Completed 200 OK
2022-05-01 16:55:41,003 DEBUG org.springframework.core.log.LogFormatUtils [http-nio-8097-exec-3] GET "/api/ngoq/Parii", parameters={}
2022-05-01 16:55:41,004 DEBUG org.springframework.web.servlet.handler.AbstractHandlerMapping [http-nio-8097-exec-3] Mapped to com.example.speproject.controller.ngoController#fetchNgoBySearch(String)
2022-05-01 16:55:41,005 INFO com.example.speproject.controller.ngoController [http-nio-8097-exec-3] Fetching Results based on: Parii
2022-05-01 16:55:41,012 DEBUG org.springframework.web.servlet.mvc.method.annotation.AbstractMessageConverterMethodProcessor [http-nio-8097-exec-3] Using 'application/json', given [application/json, text/plain, */*] and supported [application/json, application/*+json, application/json, application/*+json]
2022-05-01 16:55:41,012 DEBUG org.springframework.core.log.LogFormatUtils [http-nio-8097-exec-3] Writing [[]]
2022-05-01 16:55:41,013 DEBUG org.springframework.web.servlet.FrameworkServlet [http-nio-8097-exec-3] Completed 200 OK
2022-05-01 16:55:44,568 DEBUG org.springframework.core.log.LogFormatUtils [http-nio-8097-exec-4] GET "/api/ngocategory/Women%20Empowerment", parameters={}
2022-05-01 16:55:44,569 DEBUG org.springframework.web.servlet.handler.AbstractHandlerMapping [http-nio-8097-exec-4] Mapped to com.example.speproject.controller.ngoController#fetchNgoByCategory(String)
2022-05-01 16:55:44,570 INFO com.example.speproject.controller.ngoController [http-nio-8097-exec-4] Fetching Ngo by category
2022-05-01 16:55:44,584 DEBUG org.springframework.web.servlet.mvc.method.annotation.AbstractMessageConverterMethodProcessor [http-nio-8097-exec-4] Using 'application/json', given [application/json, text/plain, */*] and supported [application/json, application/*+json, application/json, application/*+json]
2022-05-01 16:55:44,585 DEBUG org.springframework.core.log.LogFormatUtils [http-nio-8097-exec-4] Writing [[com.example.speproject.bean.Ngo@7e9f03ac, com.example.speproject.bean.Ngo@1b2b37d]]
2022-05-01 16:55:44,608 DEBUG org.springframework.web.servlet.FrameworkServlet [http-nio-8097-exec-4] Completed 200 OK
2022-05-01 16:55:57,726 DEBUG org.springframework.core.log.LogFormatUtils [http-nio-8097-exec-5] GET "/api/ngoq/Pariii", parameters={}
2022-05-01 16:55:57,730 DEBUG org.springframework.web.servlet.handler.AbstractHandlerMapping [http-nio-8097-exec-5] Mapped to com.example.speproject.controller.ngoController#fetchNgoBySearch(String)
2022-05-01 16:55:57,737 INFO com.example.speproject.controller.ngoController [http-nio-8097-exec-5] Fetching Results based on: Pariii
2022-05-01 16:55:57,750 DEBUG org.springframework.web.servlet.mvc.method.annotation.AbstractMessageConverterMethodProcessor [http-nio-8097-exec-5] Using 'application/json', given [application/json, text/plain, */*] and supported [application/json, application/*+json, application/json, application/*+json]
2022-05-01 16:55:57,751 DEBUG org.springframework.core.log.LogFormatUtils [http-nio-8097-exec-5] Writing [[com.example.speproject.bean.Ngo@5880b6f5]]
2022-05-01 16:55:57,763 DEBUG org.springframework.web.servlet.FrameworkServlet [http-nio-8097-exec-5] Completed 200 OK
2022-05-01 16:56:49,841 INFO org.springframework.orm.jpa.AbstractEntityManagerFactoryBean [SpringApplicationShutdownHook] Closing JPA EntityManagerFactory for persistence unit 'default'
2022-05-01 16:56:49,855 INFO com.zaxxer.hikari.HikariDataSource [SpringApplicationShutdownHook] HikariPool-1 - Shutdown initiated...
2022-05-01 16:56:49,941 INFO com.zaxxer.hikari.HikariDataSource [SpringApplicationShutdownHook] HikariPool-1 - Shutdown completed.
